"../../../Engine/Content/Functions/Engine_MaterialFunctions01/Opacity/CameraDepthFade.uasset" 0
"../../../Engine/Content/EngineMaterials/T_Default_Material_Grid_M.uasset" 1
"../../../Engine/Content/EngineMaterials/T_Default_Material_Grid_N.uasset" 2
"../../../Engine/Content/EngineMaterials/WorldGridMaterial.uasset" 3
"../../../Engine/Content/ArtTools/RenderToTexture/Meshes/S_1_Unit_Plane.uasset" 4
"../../../Engine/Content/EngineMaterials/DefaultMaterial.uasset" 5
"../../../Engine/Content/BasicShapes/Cone.uasset" 6
"../../../Engine/Content/BasicShapes/Cylinder.uasset" 7
"../../../Engine/Content/BasicShapes/Plane.uasset" 8
"../../../Engine/Content/BasicShapes/Sphere.uasset" 9
"../../../Engine/Content/EditorLandscapeResources/DataLayer.uasset" 10
"../../../Engine/Content/EditorMaterials/GizmoMaterial.uasset" 11
"../../../Engine/Content/EditorMaterials/MAT_Groups_Toggle.uasset" 12
"../../../Engine/Content/EditorMaterials/MAT_Groups_Visibility.uasset" 13
"../../../Engine/Content/EditorMaterials/PreviewShadowIndicator.uasset" 14
"../../../Engine/Content/EditorMaterials/PreviewShadowIndicatorMaterial.uasset" 15
"../../../Engine/Content/EditorMaterials/MatineeGroups/MAT_ColorTrack.uasset" 16
"../../../Engine/Content/EditorMaterials/MatineeGroups/MAT_Groups_Anim.uasset" 17
"../../../Engine/Content/EditorMaterials/MatineeGroups/MAT_Groups_AudioMaster.uasset" 18
"../../../Engine/Content/EditorMaterials/MatineeGroups/MAT_Groups_Director.uasset" 19
"../../../Engine/Content/EditorMaterials/MatineeGroups/MAT_Groups_Event.uasset" 20
"../../../Engine/Content/EditorMaterials/MatineeGroups/MAT_Groups_Fade.uasset" 21
"../../../Engine/Content/EditorMaterials/MatineeGroups/MAT_Groups_Float.uasset" 22
"../../../Engine/Content/EditorMaterials/MatineeGroups/MAT_Groups_Move.uasset" 23
"../../../Engine/Content/EditorMaterials/MatineeGroups/MAT_Groups_Slomo.uasset" 24
"../../../Engine/Content/EditorMaterials/MatineeGroups/MAT_Groups_Sound.uasset" 25
"../../../Engine/Content/EditorMaterials/MatineeGroups/MAT_Groups_Vector.uasset" 26
"../../../Engine/Content/EditorMaterials/ParticleSystems/PSysThumbnail_NoImage.uasset" 27
"../../../Engine/Content/EditorMaterials/ParticleSystems/PSysThumbnail_OOD.uasset" 28
"../../../Engine/Content/EditorMaterials/Camera/CineMat.uasset" 29
"../../../Engine/Content/EditorMaterials/Camera/MI_CineMat_Rig.uasset" 30
"../../../Engine/Content/EditorMeshes/Camera/SM_CraneRig_Arm.uasset" 31
"../../../Engine/Content/EditorMeshes/Camera/SM_CraneRig_Base.uasset" 32
"../../../Engine/Content/EditorMeshes/Camera/SM_CraneRig_Body.uasset" 33
"../../../Engine/Content/EditorMeshes/Camera/SM_CraneRig_Mount.uasset" 34
"../../../Engine/Content/EditorMeshes/Camera/SM_RailRig_Mount.uasset" 35
"../../../Engine/Content/EditorMeshes/Camera/SM_RailRig_Track.uasset" 36
"../../../Engine/Content/EditorResources/BSPVertex.uasset" 37
"../../../Engine/Content/EditorResources/EmptyActor.uasset" 38
"../../../Engine/Content/EditorResources/S_Actor.uasset" 39
"../../../Engine/Content/EditorResources/S_Trigger.uasset" 40
"../../../Engine/Content/EditorResources/AudioIcons/S_AudioComponent_AutoActivate.uasset" 41
"../../../Engine/Content/EditorResources/LightIcons/S_LightError.uasset" 42
"../../../Engine/Content/EditorResources/SequenceRecorder/Countdown.uasset" 43
"../../../Engine/Content/EditorResources/SequenceRecorder/RecordingIndicator.uasset" 44
"../../../Engine/Content/EditorSounds/Notifications/CompileFailed.uasset" 45
"../../../Engine/Content/EditorSounds/Notifications/CompileFailed_Cue.uasset" 46
"../../../Engine/Content/EditorSounds/Notifications/CompileSuccess.uasset" 47
"../../../Engine/Content/EditorSounds/Notifications/CompileStart_Cue.uasset" 48
"../../../Engine/Content/EditorSounds/Notifications/CompileSuccess_Cue.uasset" 49
"../../../Engine/Content/EngineDamageTypes/DmgTypeBP_Environmental.uasset" 50
"../../../Engine/Content/EngineDebugMaterials/HeatmapGradient.uasset" 51
"../../../Engine/Content/EngineDebugMaterials/BoneWeightMaterial.uasset" 52
"../../../Engine/Content/EngineDebugMaterials/ClothMaterial.uasset" 53
"../../../Engine/Content/EngineDebugMaterials/ClothMaterial_WF.uasset" 54
"../../../Engine/Content/EngineDebugMaterials/DebugEditorMaterial.uasset" 55
"../../../Engine/Content/EngineDebugMaterials/DebugMeshMaterial.uasset" 56
"../../../Engine/Content/EngineDebugMaterials/GeomMaterial.uasset" 57
"../../../Engine/Content/EngineDebugMaterials/M_SimpleTranslucent.uasset" 58
"../../../Engine/Content/EngineFonts/Faces/RobotoBold.uasset" 59
"../../../Engine/Content/EngineFonts/Faces/RobotoBoldItalic.uasset" 60
"../../../Engine/Content/EngineFonts/Faces/RobotoItalic.uasset" 61
"../../../Engine/Content/EngineFonts/Faces/RobotoLight.uasset" 62
"../../../Engine/Content/EngineFonts/Faces/RobotoRegular.uasset" 63
"../../../Engine/Content/EngineFonts/Roboto.uasset" 64
"../../../Engine/Content/EngineFonts/Faces/RobotoTiny.uasset" 65
"../../../Engine/Content/EngineFonts/RobotoTiny.uasset" 66
"../../../Engine/Content/EngineMaterials/BaseFlattenDiffuseMap.uasset" 67
"../../../Engine/Content/EngineMaterials/BaseFlattenEmissiveMap.uasset" 68
"../../../Engine/Content/EngineMaterials/BaseFlattenGrayscaleMap.uasset" 69
"../../../Engine/Content/EngineMaterials/BaseFlattenNormalMap.uasset" 70
"../../../Engine/Content/EngineMaterials/BaseFlattenMaterial.uasset" 71
"../../../Engine/Content/EngineMaterials/DefaultBloomKernel.uasset" 72
"../../../Engine/Content/EngineMaterials/DefaultBokeh.uasset" 73
"../../../Engine/Content/EngineMaterials/DefaultDiffuse.uasset" 74
"../../../Engine/Content/EngineMaterials/DefaultDeferredDecalMaterial.uasset" 75
"../../../Engine/Content/EngineMaterials/DefaultLightFunctionMaterial.uasset" 76
"../../../Engine/Content/EngineMaterials/DefaultPhysicalMaterial.uasset" 77
"../../../Engine/Content/Functions/Engine_MaterialFunctions02/Utility/BreakOutFloat2Components.uasset" 78
"../../../Engine/Content/EngineMaterials/DefaultPostProcessMaterial.uasset" 79
"../../../Engine/Content/EngineFonts/RobotoDistanceField.uasset" 80
"../../../Engine/Content/EngineMaterials/DefaultTextMaterialOpaque.uasset" 81
"../../../Engine/Content/EngineMaterials/DefaultWhiteGrid.uasset" 82
"../../../Engine/Content/EngineMaterials/EditorBrushMaterial.uasset" 83
"../../../Engine/Content/EngineMaterials/MiniFont.uasset" 84
"../../../Engine/Content/EngineMaterials/InvalidLightmapSettings.uasset" 85
"../../../Engine/Content/EngineMaterials/M_InvalidLightmapSettings.uasset" 86
"../../../Engine/Content/Functions/Engine_MaterialFunctions02/WorldPositionOffset/CameraOffset.uasset" 87
"../../../Engine/Content/EngineMaterials/PhAT_JointLimitMaterial.uasset" 88
"../../../Engine/Content/EngineMaterials/PreintegratedSkinBRDF.uasset" 89
"../../../Engine/Content/EngineMaterials/RemoveSurfaceMaterial.uasset" 90
"../../../Engine/Content/EngineMaterials/WeightMapPlaceholderTexture.uasset" 91
"../../../Engine/Content/EngineResources/WhiteSquareTexture.uasset" 92
"../../../Engine/Content/EngineMaterials/Widget3DPassThrough.uasset" 93
"../../../Engine/Content/EngineMaterials/Widget3DPassThrough_Masked.uasset" 94
"../../../Engine/Content/EngineMaterials/Widget3DPassThrough_Opaque.uasset" 95
"../../../Engine/Content/EngineMaterials/Widget3DPassThrough_Masked_OneSided.uasset" 96
"../../../Engine/Content/EngineMaterials/Widget3DPassThrough_Opaque_OneSided.uasset" 97
"../../../Engine/Content/EngineMaterials/Widget3DPassThrough_Translucent.uasset" 98
"../../../Engine/Content/EngineMaterials/Widget3DPassThrough_Translucent_OneSided.uasset" 99
"../../../Engine/Content/EngineMeshes/Cylinder.uasset" 100
"../../../Engine/Content/EngineMeshes/Sphere.uasset" 101
"../../../Engine/Content/EngineResources/Black.uasset" 102
"../../../Engine/Content/EngineResources/DefaultTexture.uasset" 103
"../../../Engine/Content/EngineResources/DefaultTextureCube.uasset" 104
"../../../Engine/Content/EngineResources/DefaultVolumeTexture2D.uasset" 105
"../../../Engine/Content/EngineResources/DefaultVolumeTexture.uasset" 106
"../../../Engine/Content/EngineResources/GradientTexture0.uasset" 107
"../../../Engine/Content/EngineSounds/Master.uasset" 108
"../../../Engine/Content/Functions/Engine_MaterialFunctions01/Shading/ConvertFromDiffSpec.uasset" 109
"../../../Engine/Content/Functions/Engine_MaterialFunctions01/Shading/PowerToRoughness.uasset" 110
"../../../Engine/Content/Maps/Templates/Thumbnails/Default.uasset" 111
"../../../Engine/Content/Maps/Templates/Thumbnails/VR-Basic.uasset" 112
"../../../Engine/Content/MobileResources/T_MobileControls_texture.uasset" 113
"../../../Engine/Content/MobileResources/T_MobileMenu2.uasset" 114
"../../../Engine/Content/MobileResources/HUD/AnalogHat.uasset" 115
"../../../Engine/Content/MobileResources/HUD/VirtualJoystick_Background.uasset" 116
"../../../Engine/Content/MobileResources/HUD/VirtualJoystick_Thumb.uasset" 117
"../../../Engine/Content/MobileResources/HUD/DefaultVirtualJoysticks.uasset" 118
"../../../Engine/Content/MobileResources/HUD/LeftVirtualJoystickOnly.uasset" 119
"../../../Engine/Content/MobileResources/HUD/MobileHUDButton1_off.uasset" 120
"../../../Engine/Content/MobileResources/HUD/MobileHUDButton1_on.uasset" 121
"../../../Engine/Content/MobileResources/HUD/MobileHUDButton2_off.uasset" 122
"../../../Engine/Content/MobileResources/HUD/MobileHUDButton2_on.uasset" 123
"../../../Engine/Content/MobileResources/HUD/MobileHUDButton3.uasset" 124
"../../../Engine/Content/MobileResources/HUD/MobileHUDButtonFire.uasset" 125
"../../../Engine/Content/MobileResources/HUD/MobileHUDDirectionPad.uasset" 126
"../../../Engine/Content/MobileResources/HUD/MobileHUDDirectionPad2.uasset" 127
"../../../Engine/Content/MobileResources/HUD/MobileHUDDirectionPad3.uasset" 128
"../../../Engine/Content/MobileResources/HUD/MobileHUDDirectionStick.uasset" 129
"../../../Engine/Content/MobileResources/HUD/T_Castle_ThumbstickInner.uasset" 130
"../../../Engine/Content/MobileResources/HUD/T_Castle_ThumbstickOutter.uasset" 131
"../../../Engine/Content/Tutorial/ContentIntroCurve.uasset" 132
"../../../Engine/Content/Tutorial/Basics/TutorialAssets/icon_tab_Levels_40x.uasset" 133
"../../../Engine/Content/Tutorial/Landscape/TutorialAssets/Landscape.uasset" 134
"../../../Engine/Content/VREditor/LaserPointer/VR_LaserPower_01.uasset" 135
"../../../Engine/Content/VREditor/TransformGizmo/TransformGizmoMaterial.uasset" 136
"../../../Engine/Content/VREditor/TransformGizmo/TranslucentTransformGizmoMaterial.uasset" 137
"../../../Engine/Content/VREditor/TransformGizmo/BoundingBoxCorner.uasset" 138
"../../../Engine/Content/VREditor/TransformGizmo/BoundingBoxEdge.uasset" 139
"../../../Engine/Content/VREditor/TransformGizmo/PlaneTranslationHandle.uasset" 140
"../../../Engine/Content/VREditor/TransformGizmo/Main.uasset" 141
"../../../Engine/Content/VREditor/TransformGizmo/Xray.uasset" 142
"../../../Engine/Content/VREditor/TransformGizmo/SM_Sequencer_Key.uasset" 143
"../../../Engine/Content/VREditor/TransformGizmo/SM_Sequencer_Node.uasset" 144
"../../Plugins/2D/Paper2D/Content/PlaceholderTextures/DummySpriteTexture.uasset" 145
"../../Plugins/2D/Paper2D/Content/DummySprite.uasset" 146
"../../Plugins/2D/Paper2D/Content/DefaultPaperTerrainMaterial.uasset" 147
"../../Plugins/2D/Paper2D/Content/DefaultSpriteMaterial.uasset" 148
"../../Plugins/2D/Paper2D/Content/MaskedUnlitSpriteMaterial.uasset" 149
"../../Plugins/2D/Paper2D/Content/OpaqueUnlitSpriteMaterial.uasset" 150
"../../Plugins/Runtime/Oculus/OculusVR/Content/Materials/PokeAHoleMaterial.uasset" 151
"../../Plugins/Runtime/Oculus/OculusVR/Content/Textures/GearVRController_AO.uasset" 152
"../../Plugins/Runtime/Oculus/OculusVR/Content/Textures/GearVRController_Color.uasset" 153
"../../Plugins/Runtime/Oculus/OculusVR/Content/Textures/GearVRController_Normal.uasset" 154
"../../Plugins/Runtime/Oculus/OculusVR/Content/Materials/GearVRControllerMaterial.uasset" 155
"../../Plugins/Runtime/Oculus/OculusVR/Content/Meshes/GearVrController.uasset" 156
"../../Plugins/Runtime/Oculus/OculusVR/Content/Textures/touchController_albedo.uasset" 157
"../../Plugins/Runtime/Oculus/OculusVR/Content/Textures/touchController_controlmap.uasset" 158
"../../Plugins/Runtime/Oculus/OculusVR/Content/Materials/touchController_mat.uasset" 159
"../../Plugins/Runtime/Oculus/OculusVR/Content/Meshes/LeftTouchController.uasset" 160
"../../Plugins/Runtime/Oculus/OculusVR/Content/Meshes/RiftHMD.uasset" 161
"../../Plugins/Runtime/Oculus/OculusVR/Content/Meshes/RightTouchController.uasset" 162
"../../../../../../Uni/ASP/Projects/ASP_HideNSeek_AI_BP/Content/ParagonMuriel/Characters/Heroes/Muriel/Meshes/Orion_Proto_Retarget.uasset" 163
"../../../../../../Uni/ASP/Projects/ASP_HideNSeek_AI_BP/Content/ParagonMuriel/Characters/Heroes/Muriel/Meshes/Muriel_Skeleton.uasset" 164
"../../../../../../Uni/ASP/Projects/ASP_HideNSeek_AI_BP/Content/ParagonMuriel/Characters/Heroes/Muriel/Animations/Idle.uasset" 165
"../../../../../../Uni/ASP/Projects/ASP_HideNSeek_AI_BP/Content/ParagonMuriel/Characters/Heroes/Muriel/Animations/Travel_Fwd.uasset" 166
"../../../../../../Uni/ASP/Projects/ASP_HideNSeek_AI_BP/Content/ParagonMuriel/Characters/Heroes/Muriel/Animations/Travel_Fwd_Start.uasset" 167
"../../../../../../Uni/ASP/Projects/ASP_HideNSeek_AI_BP/Content/ParagonMuriel/Characters/Heroes/Muriel/Animations/Travel_Fwd_Stop.uasset" 168
"../../../../../../Uni/ASP/Projects/ASP_HideNSeek_AI_BP/Content/ParagonMuriel/Characters/Heroes/Muriel/AnimBP_Muriel.uasset" 169
"../../../../../../Uni/ASP/Projects/ASP_HideNSeek_AI_BP/Content/Blueprints/BB_Runaway.uasset" 170
"../../../Engine/Content/EditorBlueprintResources/StandardMacros.uasset" 171
"../../../../../../Uni/ASP/Projects/ASP_HideNSeek_AI_BP/Content/Blueprints/BP_SaveGame.uasset" 172
"../../../../../../Uni/ASP/Projects/ASP_HideNSeek_AI_BP/Content/Assets/Music/Sound_Waves/Any_Last_Words.uasset" 173
"../../../../../../Uni/ASP/Projects/ASP_HideNSeek_AI_BP/Content/Assets/Music/Sound_Cues/Any_Last_Words.uasset" 174
"../../../../../../Uni/ASP/Projects/ASP_HideNSeek_AI_BP/Content/Assets/Music/Sound_Waves/Bloodbath.uasset" 175
"../../../../../../Uni/ASP/Projects/ASP_HideNSeek_AI_BP/Content/Assets/Music/Sound_Cues/Bloodbath.uasset" 176
"../../../../../../Uni/ASP/Projects/ASP_HideNSeek_AI_BP/Content/Assets/Music/Sound_Waves/Cloak_And_Dagger.uasset" 177
"../../../../../../Uni/ASP/Projects/ASP_HideNSeek_AI_BP/Content/Assets/Music/Sound_Cues/Cloak_And_Dagger.uasset" 178
"../../../../../../Uni/ASP/Projects/ASP_HideNSeek_AI_BP/Content/Assets/Music/Sound_Waves/Die_By_The_Sword.uasset" 179
"../../../../../../Uni/ASP/Projects/ASP_HideNSeek_AI_BP/Content/Assets/Music/Sound_Cues/Die_By_The_Sword.uasset" 180
"../../../../../../Uni/ASP/Projects/ASP_HideNSeek_AI_BP/Content/Assets/Music/Sound_Waves/Hunter_Killer.uasset" 181
"../../../../../../Uni/ASP/Projects/ASP_HideNSeek_AI_BP/Content/Assets/Music/Sound_Cues/Hunter_Killer.uasset" 182
"../../../../../../Uni/ASP/Projects/ASP_HideNSeek_AI_BP/Content/Assets/Music/Sound_Waves/Mortal_Strike.uasset" 183
"../../../../../../Uni/ASP/Projects/ASP_HideNSeek_AI_BP/Content/Assets/Music/Sound_Cues/Mortal_Strike.uasset" 184
"../../../../../../Uni/ASP/Projects/ASP_HideNSeek_AI_BP/Content/Assets/Music/Sound_Waves/Target_Sighted.uasset" 185
"../../../../../../Uni/ASP/Projects/ASP_HideNSeek_AI_BP/Content/Assets/Music/Sound_Cues/Target_Sighted.uasset" 186
"../../../../../../Uni/ASP/Projects/ASP_HideNSeek_AI_BP/Content/Assets/Music/Sound_Waves/The_Hunt_Is_On.uasset" 187
"../../../../../../Uni/ASP/Projects/ASP_HideNSeek_AI_BP/Content/Assets/Music/Sound_Cues/The_Hunt_Is_On.uasset" 188
"../../../../../../Uni/ASP/Projects/ASP_HideNSeek_AI_BP/Content/Assets/Music/Sound_Waves/Thirst_For_Blood.uasset" 189
"../../../../../../Uni/ASP/Projects/ASP_HideNSeek_AI_BP/Content/Assets/Music/Sound_Cues/Thirst_For_Blood.uasset" 190
"../../../../../../Uni/ASP/Projects/ASP_HideNSeek_AI_BP/Content/Assets/Music/Sound_Waves/Torn_Asunder.uasset" 191
"../../../../../../Uni/ASP/Projects/ASP_HideNSeek_AI_BP/Content/Assets/Music/Sound_Cues/Torn_Asunder.uasset" 192
"../../../../../../Uni/ASP/Projects/ASP_HideNSeek_AI_BP/Content/ParagonSevarog/Characters/Heroes/Sevarog/Sounds/DialogueVoices/Sevarog.uasset" 193
"../../../../../../Uni/ASP/Projects/ASP_HideNSeek_AI_BP/Content/ParagonSevarog/Characters/Heroes/Sevarog/Sounds/SoundWaves/Sevarog_Ability_Passive_Level_01.uasset" 194
"../../../../../../Uni/ASP/Projects/ASP_HideNSeek_AI_BP/Content/ParagonSevarog/Characters/Heroes/Sevarog/Sounds/DialogueWaves/Sevarog_Ability_Passive_Level_01_Dialogue.uasset" 195
"../../../../../../Uni/ASP/Projects/ASP_HideNSeek_AI_BP/Content/ParagonSevarog/Characters/Heroes/Sevarog/Sounds/SoundCues/Sevarog_Ability_Passive_Level_01.uasset" 196
"../../../../../../Uni/ASP/Projects/ASP_HideNSeek_AI_BP/Content/ParagonSevarog/Characters/Heroes/Sevarog/Sounds/SoundWaves/Sevarog_Ability_Passive_Level_04.uasset" 197
"../../../../../../Uni/ASP/Projects/ASP_HideNSeek_AI_BP/Content/ParagonSevarog/Characters/Heroes/Sevarog/Sounds/DialogueWaves/Sevarog_Ability_Passive_Level_04_Dialogue.uasset" 198
"../../../../../../Uni/ASP/Projects/ASP_HideNSeek_AI_BP/Content/ParagonSevarog/Characters/Heroes/Sevarog/Sounds/SoundCues/Sevarog_Ability_Passive_Level_04.uasset" 199
"../../../../../../Uni/ASP/Projects/ASP_HideNSeek_AI_BP/Content/Blueprints/MyGameInstance.uasset" 200
"../../../../../../Uni/ASP/Projects/ASP_HideNSeek_AI_BP/Content/ParagonSevarog/Characters/Heroes/Sevarog/Meshes/Sevarog_Skeleton.uasset" 201
"../../../../../../Uni/ASP/Projects/ASP_HideNSeek_AI_BP/Content/ParagonSevarog/Characters/Heroes/Sevarog/Animations/Idle.uasset" 202
"../../../../../../Uni/ASP/Projects/ASP_HideNSeek_AI_BP/Content/ParagonSevarog/Characters/Heroes/Sevarog/Animations/Run_Fwd.uasset" 203
"../../../../../../Uni/ASP/Projects/ASP_HideNSeek_AI_BP/Content/ParagonSevarog/Characters/Heroes/Sevarog/Animations/Swing1_120fps.uasset" 204
"../../../../../../Uni/ASP/Projects/ASP_HideNSeek_AI_BP/Content/Blueprints/AnimBP_Sevarog.uasset" 205
"../../../../../../Uni/ASP/Projects/ASP_HideNSeek_AI_BP/Content/Blueprints/User_Interface/InGame_UI/ControlsScreen.uasset" 206
"../../../../../../Uni/ASP/Projects/ASP_HideNSeek_AI_BP/Content/Blueprints/User_Interface/MainMenu_UI/AboutTheGame.uasset" 207
"../../../../../../Uni/ASP/Projects/ASP_HideNSeek_AI_BP/Content/Blueprints/User_Interface/InGame_UI/VisionImpairment.uasset" 208
"../../../../../../Uni/ASP/Projects/ASP_HideNSeek_AI_BP/Content/Assets/Music/Sound_Waves/Game_Over.uasset" 209
"../../../../../../Uni/ASP/Projects/ASP_HideNSeek_AI_BP/Content/Blueprints/User_Interface/InGame_UI/FadeToBlack.uasset" 210
"../../../../../../Uni/ASP/Projects/ASP_HideNSeek_AI_BP/Content/Assets/Overlays/LoseBGOverlay.uasset" 211
"../../../../../../Uni/ASP/Projects/ASP_HideNSeek_AI_BP/Content/Blueprints/User_Interface/InGame_UI/OutOfTime.uasset" 212
"../../../../../../Uni/ASP/Projects/ASP_HideNSeek_AI_BP/Content/Blueprints/ThirdPersonGameMode.uasset" 213
"../../../../../../Uni/ASP/Projects/ASP_HideNSeek_AI_BP/Content/Assets/Images/LevelImages/IMG_Level01PlayerDoor.uasset" 214
"../../../../../../Uni/ASP/Projects/ASP_HideNSeek_AI_BP/Content/Assets/Images/LevelImages/IMG_Level02PlayerStatues.uasset" 215
"../../../../../../Uni/ASP/Projects/ASP_HideNSeek_AI_BP/Content/Assets/Images/LevelImages/IMG_Level03AngelStatue.uasset" 216
"../../../../../../Uni/ASP/Projects/ASP_HideNSeek_AI_BP/Content/Assets/Images/LevelImages/IMG_Level04GrassyArea.uasset" 217
"../../../../../../Uni/ASP/Projects/ASP_HideNSeek_AI_BP/Content/Assets/Images/LevelImages/IMG_Level05DarkWorld.uasset" 218
"../../../../../../Uni/ASP/Projects/ASP_HideNSeek_AI_BP/Content/Assets/Images/LevelImages/IMG_Level06PlayerAI.uasset" 219
"../../../../../../Uni/ASP/Projects/ASP_HideNSeek_AI_BP/Content/Assets/Images/LevelImages/IMG_Level07Mannequin.uasset" 220
"../../../../../../Uni/ASP/Projects/ASP_HideNSeek_AI_BP/Content/Assets/Images/LevelImages/IMG_Level08KnockedBackMannequin.uasset" 221
"../../../../../../Uni/ASP/Projects/ASP_HideNSeek_AI_BP/Content/Assets/Images/LevelImages/IMG_Level09TimePickup.uasset" 222
"../../../../../../Uni/ASP/Projects/ASP_HideNSeek_AI_BP/Content/Assets/Images/LevelImages/IMG_Level10CharacterPawns.uasset" 223
"../../../../../../Uni/ASP/Projects/ASP_HideNSeek_AI_BP/Content/Assets/Images/IMG_Lock.uasset" 224
"../../../../../../Uni/ASP/Projects/ASP_HideNSeek_AI_BP/Content/Blueprints/User_Interface/MainMenu_UI/LevelLocked.uasset" 225
"../../../../../../Uni/ASP/Projects/ASP_HideNSeek_AI_BP/Content/Blueprints/User_Interface/MainMenu_UI/NoSavedFile.uasset" 226
"../../../../../../Uni/ASP/Projects/ASP_HideNSeek_AI_BP/Content/Blueprints/User_Interface/MainMenu_UI/SelectLevel.uasset" 227
"../../../../../../Uni/ASP/Projects/ASP_HideNSeek_AI_BP/Content/Blueprints/User_Interface/MainMenu_UI/NewSaveCreated.uasset" 228
"../../../../../../Uni/ASP/Projects/ASP_HideNSeek_AI_BP/Content/Blueprints/User_Interface/MainMenu_UI/SavedGames.uasset" 229
"../../../../../../Uni/ASP/Projects/ASP_HideNSeek_AI_BP/Content/Assets/Music/Sound_Cues/Game_Over.uasset" 230
"../../../../../../Uni/ASP/Projects/ASP_HideNSeek_AI_BP/Content/Assets/Music/Sound_Waves/The_Calm_Before_The_Storm_Main_Menu.uasset" 231
"../../../../../../Uni/ASP/Projects/ASP_HideNSeek_AI_BP/Content/Assets/Music/Sound_Cues/The_Calm_Before_The_Storm_Main_Menu.uasset" 232
"../../../../../../Uni/ASP/Projects/ASP_HideNSeek_AI_BP/Content/Assets/Music/Sound_Waves/Victory.uasset" 233
"../../../../../../Uni/ASP/Projects/ASP_HideNSeek_AI_BP/Content/Assets/Music/Sound_Cues/Victory.uasset" 234
"../../../../../../Uni/ASP/Projects/ASP_HideNSeek_AI_BP/Content/Blueprints/User_Interface/MainMenu_UI/Soundtrack.uasset" 235
"../../../../../../Uni/ASP/Projects/ASP_HideNSeek_AI_BP/Content/Blueprints/User_Interface/MainMenu_UI/MainMenu.uasset" 236
"../../../../../../Uni/ASP/Projects/ASP_HideNSeek_AI_BP/Content/Blueprints/User_Interface/MainMenu_UI/Settings/InputSettings.uasset" 237
"../../../../../../Uni/ASP/Projects/ASP_HideNSeek_AI_BP/Content/Blueprints/User_Interface/MainMenu_UI/Settings/ResolutionSettings.uasset" 238
"../../../../../../Uni/ASP/Projects/ASP_HideNSeek_AI_BP/Content/Blueprints/User_Interface/MainMenu_UI/Settings/VisualSettings.uasset" 239
"../../../../../../Uni/ASP/Projects/ASP_HideNSeek_AI_BP/Content/Blueprints/User_Interface/MainMenu_UI/Settings/VolumeSettings.uasset" 240
"../../../../../../Uni/ASP/Projects/ASP_HideNSeek_AI_BP/Content/Blueprints/User_Interface/MainMenu_UI/Settings/Settings.uasset" 241
"../../../../../../Uni/ASP/Projects/ASP_HideNSeek_AI_BP/Content/Blueprints/User_Interface/InGame_UI/PauseMenu.uasset" 242
"../../../../../../Uni/ASP/Projects/ASP_HideNSeek_AI_BP/Content/ParagonSevarog/Characters/Heroes/Sevarog/Materials/M_invis.uasset" 243
"../../../Engine/Content/Functions/Engine_MaterialFunctions01/Gradient/LinearGradient.uasset" 244
"../../../Engine/Content/Functions/Engine_MaterialFunctions01/ImageAdjustment/CheapContrast.uasset" 245
"../../../Engine/Content/Functions/Engine_MaterialFunctions01/Shading/MetallicShading.uasset" 246
"../../../Engine/Content/Functions/Engine_MaterialFunctions01/Texturing/FlattenNormal.uasset" 247
"../../../Engine/Content/Functions/Engine_MaterialFunctions01/Texturing/WorldAlignedTexture.uasset" 248
"../../../Engine/Content/Functions/Engine_MaterialFunctions02/Texturing/ScreenAlignedPixelToPixelUVs.uasset" 249
"../../../Engine/Content/Functions/Engine_MaterialFunctions02/Utility/BlendAngleCorrectedNormals.uasset" 250
"../../../Engine/Content/Functions/Engine_MaterialFunctions02/Utility/BreakOutFloat3Components.uasset" 251
"../../../Engine/Content/EngineMaterials/Good64x64TilingNoiseHighFreq.uasset" 252
"../../../Engine/Content/Functions/Engine_MaterialFunctions02/Utility/DitherTemporalAA.uasset" 253
"../../../Engine/Content/Functions/Engine_MaterialFunctions03/Blends/Lerp_ScratchGrime.uasset" 254
"../../../Engine/Content/Functions/MaterialLayerFunctions/MatLayerBlend_BakedNormal.uasset" 255
"../../../Engine/Content/Functions/MaterialLayerFunctions/MatLayerBlend_BreakBaseColor.uasset" 256
"../../../Engine/Content/Functions/MaterialLayerFunctions/MatLayerBlend_Emissive.uasset" 257
"../../../Engine/Content/Functions/MaterialLayerFunctions/MatLayerBlend_OverrideBaseColor.uasset" 258
"../../../Engine/Content/Functions/MaterialLayerFunctions/MatLayerBlend_Standard.uasset" 259
"../../../Engine/Content/Functions/MaterialLayerFunctions/MatLayerBlend_TenLayerBlend.uasset" 260
"../../../Engine/Content/Functions/MaterialLayerFunctions/MatLayerBlend_Tint.uasset" 261
"../../../../../../Uni/ASP/Projects/ASP_HideNSeek_AI_BP/Content/ParagonSevarog/Characters/Global/MaterialFunctions/MaterialLayerConstructors/MLC_ScratchAndGrime.uasset" 262
"../../../Engine/Content/EngineMaterials/DefaultNormal.uasset" 263
"../../../../../../Uni/ASP/Projects/ASP_HideNSeek_AI_BP/Content/ParagonSevarog/Characters/Global/MaterialFunctions/MaterialLayerConstructors/MLC_Standard.uasset" 264
"../../../../../../Uni/ASP/Projects/ASP_HideNSeek_AI_BP/Content/ParagonSevarog/Characters/Global/MaterialFunctions/MF_BrightnessAdjust.uasset" 265
"../../../../../../Uni/ASP/Projects/ASP_HideNSeek_AI_BP/Content/ParagonSevarog/Characters/Global/MaterialFunctions/Textures/T_AtmosphericCloudNoise01.uasset" 266
"../../../../../../Uni/ASP/Projects/ASP_HideNSeek_AI_BP/Content/ParagonSevarog/Characters/Global/MaterialFunctions/Textures/T_AtmosphericCloudNoise01_N.uasset" 267
"../../../../../../Uni/ASP/Projects/ASP_HideNSeek_AI_BP/Content/ParagonSevarog/Characters/Global/MaterialFunctions/Textures/T_AtmosphericCloudNoise03.uasset" 268
"../../../../../../Uni/ASP/Projects/ASP_HideNSeek_AI_BP/Content/ParagonSevarog/Characters/Global/MaterialFunctions/MF_DeathFade.uasset" 269
"../../../../../../Uni/ASP/Projects/ASP_HideNSeek_AI_BP/Content/ParagonSevarog/Characters/Global/MaterialLayers/T_TestML_Mask.uasset" 270
"../../../../../../Uni/ASP/Projects/ASP_HideNSeek_AI_BP/Content/ParagonSevarog/Characters/Global/MaterialLayers/ML_Blank.uasset" 271
"../../../../../../Uni/ASP/Projects/ASP_HideNSeek_AI_BP/Content/ParagonSevarog/Characters/Global/ParameterCollections/OrionGlobalGameplayCollection.uasset" 272
"../../../../../../Uni/ASP/Projects/ASP_HideNSeek_AI_BP/Content/ParagonSevarog/Characters/Global/MaterialFunctions/MF_HitFlash.uasset" 273
"../../../../../../Uni/ASP/Projects/ASP_HideNSeek_AI_BP/Content/ParagonSevarog/Characters/Global/MaterialLayers/Metal/T_Blue_Metal02.uasset" 274
"../../../../../../Uni/ASP/Projects/ASP_HideNSeek_AI_BP/Content/ParagonSevarog/Characters/Global/MaterialLayers/Rubber/T_Blank_N.uasset" 275
"../../../../../../Uni/ASP/Projects/ASP_HideNSeek_AI_BP/Content/ParagonSevarog/Characters/Global/MaterialLayers/Metal/ML_blue_Metal.uasset" 276
"../../../../../../Uni/ASP/Projects/ASP_HideNSeek_AI_BP/Content/ParagonSevarog/Characters/Global/MaterialFunctions/MF_OrionRimlight.uasset" 277
"../../../../../../Uni/ASP/Projects/ASP_HideNSeek_AI_BP/Content/ParagonSevarog/Characters/Global/MaterialFunctions/MF_CharacterEffects.uasset" 278
"../../../../../../Uni/ASP/Projects/ASP_HideNSeek_AI_BP/Content/ParagonSevarog/Characters/Global/T_Black_Linear.uasset" 279
"../../../../../../Uni/ASP/Projects/ASP_HideNSeek_AI_BP/Content/ParagonSevarog/Characters/Global/MaterialFunctions/MF_OrionCharacterAO.uasset" 280
"../../../../../../Uni/ASP/Projects/ASP_HideNSeek_AI_BP/Content/ParagonSevarog/Characters/Global/MaterialLayers/Metal/T_RoughMetal01_N.uasset" 281
"../../../../../../Uni/ASP/Projects/ASP_HideNSeek_AI_BP/Content/ParagonSevarog/Characters/Global/MaterialLayers/Metal/T_RoughMetal01.uasset" 282
"../../../../../../Uni/ASP/Projects/ASP_HideNSeek_AI_BP/Content/ParagonSevarog/Characters/Global/MaterialLayers/Metal/T_RoughMetal01_N2.uasset" 283
"../../../../../../Uni/ASP/Projects/ASP_HideNSeek_AI_BP/Content/ParagonSevarog/Characters/Global/MaterialLayers/Metal/T_Sevarog_Machine_Base_RGB.uasset" 284
"../../../../../../Uni/ASP/Projects/ASP_HideNSeek_AI_BP/Content/ParagonSevarog/Characters/Global/MaterialLayers/Metal/ML_Steel_rough.uasset" 285
"../../../../../../Uni/ASP/Projects/ASP_HideNSeek_AI_BP/Content/ParagonSevarog/Characters/Global/FX/Textures/Decals/Cracks/T_Radial_Cracks_NRM.uasset" 286
"../../../../../../Uni/ASP/Projects/ASP_HideNSeek_AI_BP/Content/ParagonSevarog/Characters/Global/MaterialFunctions/Textures/T_Sevarog_UV1_ScratchNormal.uasset" 287
"../../../../../../Uni/ASP/Projects/ASP_HideNSeek_AI_BP/Content/ParagonSevarog/Characters/Global/MaterialLayers/Painted/T_PaintScratches.uasset" 288
"../../../../../../Uni/ASP/Projects/ASP_HideNSeek_AI_BP/Content/ParagonSevarog/Characters/Global/MaterialLayers/Rock/T_MarbleVein_D.uasset" 289
"../../../../../../Uni/ASP/Projects/ASP_HideNSeek_AI_BP/Content/ParagonSevarog/Characters/Global/MaterialLayers/Rock/T_Metal_Scratched.uasset" 290
"../../../../../../Uni/ASP/Projects/ASP_HideNSeek_AI_BP/Content/ParagonSevarog/Characters/Global/MaterialLayers/Rock/T_RockTextureTile_000_D.uasset" 291
"../../../../../../Uni/ASP/Projects/ASP_HideNSeek_AI_BP/Content/ParagonSevarog/Characters/Heroes/Sevarog/Textures/T_Sevarog_Belt_Chainmall_Hammer_RGB.uasset" 292
"../../../../../../Uni/ASP/Projects/ASP_HideNSeek_AI_BP/Content/ParagonSevarog/Characters/Global/MaterialLayers/Rock/MF_ObsidianCracked_Colour.uasset" 293
"../../../../../../Uni/ASP/Projects/ASP_HideNSeek_AI_BP/Content/ParagonSevarog/Characters/Global/MaterialLayers/Rock/T_Weathered__Detail001_Mask.uasset" 294
"../../../../../../Uni/ASP/Projects/ASP_HideNSeek_AI_BP/Content/ParagonSevarog/Characters/Heroes/Sevarog/Textures/T_Sevarog_Armour_Mask.uasset" 295
"../../../../../../Uni/ASP/Projects/ASP_HideNSeek_AI_BP/Content/ParagonSevarog/Characters/Heroes/Sevarog/Textures/T_Sevarog_Armour_N.uasset" 296
"../../../../../../Uni/ASP/Projects/ASP_HideNSeek_AI_BP/Content/ParagonSevarog/Characters/Heroes/Sevarog/Skins/Tier_1/Sevarog_Red/Materials/M_Sevarog_Armour_Red2.uasset" 297
"../../../Engine/Content/Functions/Engine_MaterialFunctions01/ImageAdjustment/SCurve.uasset" 298
"../../../Engine/Content/Functions/Engine_MaterialFunctions02/ObjectLocalBounds.uasset" 299
"../../../Engine/Content/Functions/Engine_MaterialFunctions02/UVs/BoundingBoxBased_0-1_UVW.uasset" 300
"../../../../../../Uni/ASP/Projects/ASP_HideNSeek_AI_BP/Content/ParagonSevarog/Characters/Global/MaterialFunctions/MaterialLayerConstructors/MF_BaseColorTintAndContrast.uasset" 301
"../../../../../../Uni/ASP/Projects/ASP_HideNSeek_AI_BP/Content/ParagonSevarog/Characters/Global/MaterialFunctions/MaterialLayerConstructors/MF_RoughnessAdjustment.uasset" 302
"../../../../../../Uni/ASP/Projects/ASP_HideNSeek_AI_BP/Content/ParagonSevarog/Characters/Global/MaterialFunctions/MF_RimLight.uasset" 303
"../../../../../../Uni/ASP/Projects/ASP_HideNSeek_AI_BP/Content/ParagonSevarog/Characters/Global/MaterialFunctions/MF_CharacterGradient.uasset" 304
"../../../../../../Uni/ASP/Projects/ASP_HideNSeek_AI_BP/Content/ParagonSevarog/Characters/Heroes/Sevarog/Textures/T_OldWeave_COLOR.uasset" 305
"../../../../../../Uni/ASP/Projects/ASP_HideNSeek_AI_BP/Content/ParagonSevarog/Characters/Heroes/Sevarog/Textures/T_OldWeave_NRM.uasset" 306
"../../../../../../Uni/ASP/Projects/ASP_HideNSeek_AI_BP/Content/ParagonSevarog/Characters/Heroes/Sevarog/Textures/T_UnpleasentGrime_D.uasset" 307
"../../../../../../Uni/ASP/Projects/ASP_HideNSeek_AI_BP/Content/ParagonSevarog/Characters/Global/MaterialLayers/Fabric/ML_HeavyPatternedFabric2.uasset" 308
"../../../../../../Uni/ASP/Projects/ASP_HideNSeek_AI_BP/Content/ParagonSevarog/Characters/Global/MaterialLayers/Leather/T_Dark_Leather_N.uasset" 309
"../../../../../../Uni/ASP/Projects/ASP_HideNSeek_AI_BP/Content/ParagonSevarog/Characters/Global/MaterialLayers/Leather/T_Dark_Leather.uasset" 310
"../../../../../../Uni/ASP/Projects/ASP_HideNSeek_AI_BP/Content/ParagonSevarog/Characters/Global/MaterialLayers/Leather/ML_Dark_Leather_Brown.uasset" 311
"../../../../../../Uni/ASP/Projects/ASP_HideNSeek_AI_BP/Content/ParagonSevarog/Characters/Global/MaterialLayers/Metal/T_Rust01_N.uasset" 312
"../../../../../../Uni/ASP/Projects/ASP_HideNSeek_AI_BP/Content/ParagonSevarog/Characters/Global/MaterialLayers/Leather/T_Worn_Under_Leather.uasset" 313
"../../../../../../Uni/ASP/Projects/ASP_HideNSeek_AI_BP/Content/ParagonSevarog/Characters/Global/MaterialLayers/Leather/ML_Worn_Under_Leather.uasset" 314
"../../../../../../Uni/ASP/Projects/ASP_HideNSeek_AI_BP/Content/ParagonSevarog/Characters/Global/MaterialLayers/Metal/T_Rust01.uasset" 315
"../../../../../../Uni/ASP/Projects/ASP_HideNSeek_AI_BP/Content/ParagonSevarog/Characters/Global/MaterialLayers/Metal/ML_Rust01.uasset" 316
"../../../../../../Uni/ASP/Projects/ASP_HideNSeek_AI_BP/Content/ParagonSevarog/Characters/Heroes/Sevarog/Textures/T_IronRust_Tile_D.uasset" 317
"../../../../../../Uni/ASP/Projects/ASP_HideNSeek_AI_BP/Content/ParagonSevarog/Characters/Heroes/Sevarog/Textures/T_IronRust_Tile_N.uasset" 318
"../../../../../../Uni/ASP/Projects/ASP_HideNSeek_AI_BP/Content/ParagonSevarog/Characters/Global/MaterialLayers/Metal/ML_Rust02.uasset" 319
"../../../../../../Uni/ASP/Projects/ASP_HideNSeek_AI_BP/Content/ParagonSevarog/Characters/Heroes/Sevarog/Textures/T_Sevarog_Arms_BackCloth_Mask1.uasset" 320
"../../../../../../Uni/ASP/Projects/ASP_HideNSeek_AI_BP/Content/ParagonSevarog/Characters/Heroes/Sevarog/Textures/T_Sevarog_Arms_BackCloth_N.uasset" 321
"../../../../../../Uni/ASP/Projects/ASP_HideNSeek_AI_BP/Content/ParagonSevarog/Characters/Heroes/Sevarog/Textures/T_Sevarog_Arms_BackCloth_RGB.uasset" 322
"../../../../../../Uni/ASP/Projects/ASP_HideNSeek_AI_BP/Content/ParagonSevarog/Characters/Heroes/Sevarog/Skins/Tier_1/Sevarog_Red/Materials/M_Sevarog_Back_Red.uasset" 323
"../../../../../../Uni/ASP/Projects/ASP_HideNSeek_AI_BP/Content/ParagonSevarog/Characters/Global/MaterialLayers/Leather/ML_Dark_Leather01_Stained.uasset" 324
"../../../../../../Uni/ASP/Projects/ASP_HideNSeek_AI_BP/Content/ParagonSevarog/Characters/Heroes/Sevarog/Textures/T_Sevarog_Belt_Chainmall_Hammer_Mask.uasset" 325
"../../../../../../Uni/ASP/Projects/ASP_HideNSeek_AI_BP/Content/ParagonSevarog/Characters/Heroes/Sevarog/Textures/T_Sevarog_Belt_Chainmall_Hammer_Mask1.uasset" 326
"../../../../../../Uni/ASP/Projects/ASP_HideNSeek_AI_BP/Content/ParagonSevarog/Characters/Heroes/Sevarog/Textures/T_Sevarog_Belt_Chainmall_Hammer_N.uasset" 327
"../../../../../../Uni/ASP/Projects/ASP_HideNSeek_AI_BP/Content/ParagonSevarog/Characters/Heroes/Sevarog/Skins/Tier_1/Sevarog_Red/Materials/M_Sevarog_Chainmail_Red.uasset" 328
"../../../../../../Uni/ASP/Projects/ASP_HideNSeek_AI_BP/Content/ParagonSevarog/Characters/Global/FX/Textures/Masks/T_simple_circle_mask.uasset" 329
"../../../../../../Uni/ASP/Projects/ASP_HideNSeek_AI_BP/Content/ParagonSevarog/Characters/Global/FX/Materials/Functions/MF_DitheredBumpOffsetSample.uasset" 330
"../../../../../../Uni/ASP/Projects/ASP_HideNSeek_AI_BP/Content/ParagonSevarog/Characters/Global/FX/Materials/Functions/MF_FuzzyBumpOffset.uasset" 331
"../../../../../../Uni/ASP/Projects/ASP_HideNSeek_AI_BP/Content/ParagonSevarog/Characters/Global/MaterialLayers/Rock/MF_ObsidionCracked.uasset" 332
"../../../../../../Uni/ASP/Projects/ASP_HideNSeek_AI_BP/Content/ParagonSevarog/Characters/Heroes/Sevarog/Skins/Tier_1/Sevarog_Red/Materials/M_Sevarog_Hammer_Red.uasset" 333
"../../../Engine/Content/EngineMaterials/BlendFunc_DefBase.uasset" 334
"../../../Engine/Content/EngineMaterials/BlendFunc_DefBlend.uasset" 335
"../../../Engine/Content/Functions/Engine_MaterialFunctions03/Blends/Blend_Overlay.uasset" 336
"../../../Engine/Content/Functions/Engine_MaterialFunctions03/Blends/Blend_SoftLight.uasset" 337
"../../../../../../Uni/ASP/Projects/ASP_HideNSeek_AI_BP/Content/ParagonSevarog/Characters/Global/FX/Textures/Masks/T_spiritplane_arcs.uasset" 338
"../../../../../../Uni/ASP/Projects/ASP_HideNSeek_AI_BP/Content/ParagonSevarog/Characters/Global/FX/Textures/Tile/Cloud/T_filter_clouds.uasset" 339
"../../../../../../Uni/ASP/Projects/ASP_HideNSeek_AI_BP/Content/ParagonSevarog/Characters/Heroes/Sevarog/Textures/T_Sevarog_Torso_Mask1.uasset" 340
"../../../../../../Uni/ASP/Projects/ASP_HideNSeek_AI_BP/Content/ParagonSevarog/Characters/Heroes/Sevarog/Textures/T_Smoke_01.uasset" 341
"../../../../../../Uni/ASP/Projects/ASP_HideNSeek_AI_BP/Content/ParagonSevarog/Characters/Heroes/Sevarog/Materials/MF_Sevarog_Glow.uasset" 342
"../../../../../../Uni/ASP/Projects/ASP_HideNSeek_AI_BP/Content/ParagonSevarog/Characters/Heroes/Sevarog/Textures/T_Sevarog_Torso_Mask.uasset" 343
"../../../../../../Uni/ASP/Projects/ASP_HideNSeek_AI_BP/Content/ParagonSevarog/Characters/Heroes/Sevarog/Textures/T_Sevarog_Torso_N.uasset" 344
"../../../../../../Uni/ASP/Projects/ASP_HideNSeek_AI_BP/Content/ParagonSevarog/Characters/Heroes/Sevarog/Textures/T_Sevarog_Torso_RGB.uasset" 345
"../../../../../../Uni/ASP/Projects/ASP_HideNSeek_AI_BP/Content/ParagonSevarog/Characters/Heroes/Sevarog/Skins/Tier_1/Sevarog_Red/Materials/M_Sevarog_Torso_Red.uasset" 346
"../../../../../../Uni/ASP/Projects/ASP_HideNSeek_AI_BP/Content/ParagonSevarog/Characters/Heroes/Sevarog/Meshes/Sevarog_Extents.uasset" 347
"../../../../../../Uni/ASP/Projects/ASP_HideNSeek_AI_BP/Content/ParagonSevarog/Characters/Heroes/Sevarog/Skins/Tier_1/Sevarog_Red/Meshes/SevarogBloodred.uasset" 348
"../../../../../../Uni/ASP/Projects/ASP_HideNSeek_AI_BP/Content/Blueprints/ThirdPersonCharacter.uasset" 349
"../../../../../../Uni/ASP/Projects/ASP_HideNSeek_AI_BP/Content/Assets/Materials/T_BloodSplatterBlackedOut.uasset" 350
"../../../../../../Uni/ASP/Projects/ASP_HideNSeek_AI_BP/Content/Assets/Materials/M_BloodSplatter.uasset" 351
"../../../../../../Uni/ASP/Projects/ASP_HideNSeek_AI_BP/Content/Assets/Particles/PS_BloodSplatter.uasset" 352
"../../../../../../Uni/ASP/Projects/ASP_HideNSeek_AI_BP/Content/Assets/Overlays/WinBGOverlay.uasset" 353
"../../../../../../Uni/ASP/Projects/ASP_HideNSeek_AI_BP/Content/Blueprints/User_Interface/InGame_UI/WinScreen.uasset" 354
"../../../../../../Uni/ASP/Projects/ASP_HideNSeek_AI_BP/Content/ParagonMuriel/Characters/Heroes/Muriel/Sounds/DialogueVoices/Muriel.uasset" 355
"../../../../../../Uni/ASP/Projects/ASP_HideNSeek_AI_BP/Content/ParagonMuriel/Characters/Heroes/Muriel/Sounds/SoundWaves/Muriel_Death_010.uasset" 356
"../../../../../../Uni/ASP/Projects/ASP_HideNSeek_AI_BP/Content/ParagonMuriel/Characters/Heroes/Muriel/Sounds/DialogueWaves/Muriel_Death_010_Dialogue.uasset" 357
"../../../../../../Uni/ASP/Projects/ASP_HideNSeek_AI_BP/Content/ParagonMuriel/Characters/Heroes/Muriel/Sounds/SoundWaves/Muriel_Death_030.uasset" 358
"../../../../../../Uni/ASP/Projects/ASP_HideNSeek_AI_BP/Content/ParagonMuriel/Characters/Heroes/Muriel/Sounds/DialogueWaves/Muriel_Death_030_Dialogue.uasset" 359
"../../../../../../Uni/ASP/Projects/ASP_HideNSeek_AI_BP/Content/ParagonMuriel/Characters/Heroes/Muriel/Sounds/SoundCues/Muriel_Death.uasset" 360
"../../../../../../Uni/ASP/Projects/ASP_HideNSeek_AI_BP/Content/ParagonSevarog/Characters/Heroes/Sevarog/Sounds/SoundWaves/Sevarog_Ability_UsedLastCharge_010.uasset" 361
"../../../../../../Uni/ASP/Projects/ASP_HideNSeek_AI_BP/Content/ParagonSevarog/Characters/Heroes/Sevarog/Sounds/DialogueWaves/Sevarog_Ability_UsedLastCharge_010_Dialogue.uasset" 362
"../../../../../../Uni/ASP/Projects/ASP_HideNSeek_AI_BP/Content/ParagonSevarog/Characters/Heroes/Sevarog/Sounds/SoundCues/Sevarog_Ability_UsedLastCharge.uasset" 363
"../../../../../../Uni/ASP/Projects/ASP_HideNSeek_AI_BP/Content/ParagonSevarog/Characters/Heroes/Sevarog/Sounds/SoundWaves/Sevarog_Effort_Cheer_01.uasset" 364
"../../../../../../Uni/ASP/Projects/ASP_HideNSeek_AI_BP/Content/ParagonSevarog/Characters/Heroes/Sevarog/Sounds/DialogueWaves/Sevarog_Effort_Cheer_01_Dialogue.uasset" 365
"../../../../../../Uni/ASP/Projects/ASP_HideNSeek_AI_BP/Content/ParagonSevarog/Characters/Heroes/Sevarog/Sounds/SoundWaves/Sevarog_Effort_Cheer_02.uasset" 366
"../../../../../../Uni/ASP/Projects/ASP_HideNSeek_AI_BP/Content/ParagonSevarog/Characters/Heroes/Sevarog/Sounds/DialogueWaves/Sevarog_Effort_Cheer_02_Dialogue.uasset" 367
"../../../../../../Uni/ASP/Projects/ASP_HideNSeek_AI_BP/Content/ParagonSevarog/Characters/Heroes/Sevarog/Sounds/SoundWaves/Sevarog_Effort_Cheer_03.uasset" 368
"../../../../../../Uni/ASP/Projects/ASP_HideNSeek_AI_BP/Content/ParagonSevarog/Characters/Heroes/Sevarog/Sounds/DialogueWaves/Sevarog_Effort_Cheer_03_Dialogue.uasset" 369
"../../../../../../Uni/ASP/Projects/ASP_HideNSeek_AI_BP/Content/ParagonSevarog/Characters/Heroes/Sevarog/Sounds/SoundCues/Sevarog_Effort_Cheer.uasset" 370
"../../../../../../Uni/ASP/Projects/ASP_HideNSeek_AI_BP/Content/ParagonSevarog/Characters/Heroes/Sevarog/Sounds/SoundWaves/Sevarog_Status_Victory_020.uasset" 371
"../../../../../../Uni/ASP/Projects/ASP_HideNSeek_AI_BP/Content/ParagonSevarog/Characters/Heroes/Sevarog/Sounds/DialogueWaves/Sevarog_Status_Victory_020_Dialogue.uasset" 372
"../../../../../../Uni/ASP/Projects/ASP_HideNSeek_AI_BP/Content/ParagonSevarog/Characters/Heroes/Sevarog/Sounds/SoundWaves/Sevarog_Status_Victory_030.uasset" 373
"../../../../../../Uni/ASP/Projects/ASP_HideNSeek_AI_BP/Content/ParagonSevarog/Characters/Heroes/Sevarog/Sounds/DialogueWaves/Sevarog_Status_Victory_030_Dialogue.uasset" 374
"../../../../../../Uni/ASP/Projects/ASP_HideNSeek_AI_BP/Content/ParagonSevarog/Characters/Heroes/Sevarog/Sounds/SoundCues/Sevarog_Status_Victory.uasset" 375
"../../../../../../Uni/ASP/Projects/ASP_HideNSeek_AI_BP/Content/Blueprints/BTS_AICheckForPlayer.uasset" 376
"../../../../../../Uni/ASP/Projects/ASP_HideNSeek_AI_BP/Content/Blueprints/EQSContext_Player.uasset" 377
"../../../../../../Uni/ASP/Projects/ASP_HideNSeek_AI_BP/Content/Blueprints/NewEnvQuery.uasset" 378
"../../../../../../Uni/ASP/Projects/ASP_HideNSeek_AI_BP/Content/Blueprints/BT_Runaway.uasset" 379
"../../../../../../Uni/ASP/Projects/ASP_HideNSeek_AI_BP/Content/Blueprints/AI_Runaway.uasset" 380
"../../../../../../Uni/ASP/Projects/ASP_HideNSeek_AI_BP/Content/ParagonMuriel/Characters/Global/MaterialFunctions/MaterialLayerConstructors/MLC_ScratchAndGrime.uasset" 381
"../../../../../../Uni/ASP/Projects/ASP_HideNSeek_AI_BP/Content/ParagonMuriel/Characters/Global/MaterialFunctions/MaterialLayerConstructors/MLC_Standard.uasset" 382
"../../../../../../Uni/ASP/Projects/ASP_HideNSeek_AI_BP/Content/ParagonMuriel/Characters/Global/MaterialFunctions/MF_BrightnessAdjust.uasset" 383
"../../../../../../Uni/ASP/Projects/ASP_HideNSeek_AI_BP/Content/ParagonMuriel/Characters/Global/MaterialFunctions/Textures/T_AtmosphericCloudNoise01.uasset" 384
"../../../../../../Uni/ASP/Projects/ASP_HideNSeek_AI_BP/Content/ParagonMuriel/Characters/Global/MaterialFunctions/Textures/T_AtmosphericCloudNoise01_N.uasset" 385
"../../../../../../Uni/ASP/Projects/ASP_HideNSeek_AI_BP/Content/ParagonMuriel/Characters/Global/MaterialFunctions/Textures/T_AtmosphericCloudNoise03.uasset" 386
"../../../../../../Uni/ASP/Projects/ASP_HideNSeek_AI_BP/Content/ParagonMuriel/Characters/Global/MaterialFunctions/MF_DeathFade.uasset" 387
"../../../../../../Uni/ASP/Projects/ASP_HideNSeek_AI_BP/Content/ParagonMuriel/Characters/Global/MaterialLayers/T_TestML_Mask.uasset" 388
"../../../../../../Uni/ASP/Projects/ASP_HideNSeek_AI_BP/Content/ParagonMuriel/Characters/Global/MaterialLayers/ML__Blank.uasset" 389
"../../../../../../Uni/ASP/Projects/ASP_HideNSeek_AI_BP/Content/ParagonMuriel/Characters/Global/ParameterCollections/OrionGlobalGameplayCollection.uasset" 390
"../../../../../../Uni/ASP/Projects/ASP_HideNSeek_AI_BP/Content/ParagonMuriel/Characters/Global/MaterialFunctions/MF_HitFlash.uasset" 391
"../../../../../../Uni/ASP/Projects/ASP_HideNSeek_AI_BP/Content/ParagonMuriel/Characters/Global/MaterialLayers/Metal/T_Blue_Metal02.uasset" 392
"../../../../../../Uni/ASP/Projects/ASP_HideNSeek_AI_BP/Content/ParagonMuriel/Characters/Global/MaterialLayers/Rubber/T_Blank_N.uasset" 393
"../../../../../../Uni/ASP/Projects/ASP_HideNSeek_AI_BP/Content/ParagonMuriel/Characters/Global/MaterialLayers/Metal/ML_blue_Metal.uasset" 394
"../../../../../../Uni/ASP/Projects/ASP_HideNSeek_AI_BP/Content/ParagonMuriel/Characters/Global/MaterialFunctions/MF_OrionRimlight.uasset" 395
"../../../../../../Uni/ASP/Projects/ASP_HideNSeek_AI_BP/Content/ParagonMuriel/Characters/Global/MaterialFunctions/MF_CharacterEffects.uasset" 396
"../../../../../../Uni/ASP/Projects/ASP_HideNSeek_AI_BP/Content/ParagonMuriel/Characters/Global/Mouth/Materials/TeethSubsurfaceProfile.uasset" 397
"../../../../../../Uni/ASP/Projects/ASP_HideNSeek_AI_BP/Content/ParagonMuriel/Characters/Global/Mouth/Textures/T_Master_Mouth_1_COLOR.uasset" 398
"../../../../../../Uni/ASP/Projects/ASP_HideNSeek_AI_BP/Content/ParagonMuriel/Characters/Global/Mouth/Textures/T_Master_Mouth_1_N.uasset" 399
"../../../../../../Uni/ASP/Projects/ASP_HideNSeek_AI_BP/Content/ParagonMuriel/Characters/Global/Mouth/Textures/T_Master_Mouth_1_RGB.uasset" 400
"../../../../../../Uni/ASP/Projects/ASP_HideNSeek_AI_BP/Content/ParagonMuriel/Characters/Global/Mouth/Materials/M_Mouth_Master.uasset" 401
"../../../../../../Uni/ASP/Projects/ASP_HideNSeek_AI_BP/Content/ParagonMuriel/Characters/Heroes/Muriel/Materials/Murial_SS_Profile.uasset" 402
"../../../../../../Uni/ASP/Projects/ASP_HideNSeek_AI_BP/Content/ParagonMuriel/Characters/Heroes/Muriel/Textures/T_Muriel_TeethAndTongue_D.uasset" 403
"../../../../../../Uni/ASP/Projects/ASP_HideNSeek_AI_BP/Content/ParagonMuriel/Characters/Heroes/Muriel/Textures/T_Muriel_TeethAndTongue_N.uasset" 404
"../../../../../../Uni/ASP/Projects/ASP_HideNSeek_AI_BP/Content/ParagonMuriel/Characters/Heroes/Muriel/Materials/MI_Murial_Mouth.uasset" 405
"../../../Engine/Content/Functions/MaterialLayerFunctions/MatLayerBlend_OverrideMetalness.uasset" 406
"../../../../../../Uni/ASP/Projects/ASP_HideNSeek_AI_BP/Content/ParagonMuriel/Characters/Global/T_Black_Linear.uasset" 407
"../../../../../../Uni/ASP/Projects/ASP_HideNSeek_AI_BP/Content/ParagonMuriel/Characters/Global/MaterialFunctions/MF_OrionCharacterAO.uasset" 408
"../../../../../../Uni/ASP/Projects/ASP_HideNSeek_AI_BP/Content/ParagonMuriel/Characters/Global/MaterialLayers/Metal/T_Brushed_Copper_D.uasset" 409
"../../../../../../Uni/ASP/Projects/ASP_HideNSeek_AI_BP/Content/ParagonMuriel/Characters/Global/MaterialLayers/Metal/T_Brushed_Copper_N.uasset" 410
"../../../../../../Uni/ASP/Projects/ASP_HideNSeek_AI_BP/Content/ParagonMuriel/Characters/Global/MaterialLayers/Metal/ML_Brushed_Copper2.uasset" 411
"../../../../../../Uni/ASP/Projects/ASP_HideNSeek_AI_BP/Content/ParagonMuriel/Characters/Global/MaterialLayers/ML_FlatBlack.uasset" 412
"../../../../../../Uni/ASP/Projects/ASP_HideNSeek_AI_BP/Content/ParagonMuriel/Characters/Global/MaterialLayers/Painted/ML_WhiteClearCoat3.uasset" 413
"../../../../../../Uni/ASP/Projects/ASP_HideNSeek_AI_BP/Content/ParagonMuriel/Characters/Heroes/Muriel/Textures/T_Muriel_Upperbody_E2.uasset" 414
"../../../../../../Uni/ASP/Projects/ASP_HideNSeek_AI_BP/Content/ParagonMuriel/Characters/Heroes/Muriel/Materials/MF_Muriel_ChestEffects.uasset" 415
"../../../../../../Uni/ASP/Projects/ASP_HideNSeek_AI_BP/Content/ParagonMuriel/Characters/Global/T_Black.uasset" 416
"../../../../../../Uni/ASP/Projects/ASP_HideNSeek_AI_BP/Content/ParagonMuriel/Characters/Heroes/Muriel/Materials/Parent/MatLayerBlend_Decal.uasset" 417
"../../../../../../Uni/ASP/Projects/ASP_HideNSeek_AI_BP/Content/ParagonMuriel/Characters/Heroes/Muriel/Skins/Tier_1/Muriel_Amethyst/Textures/SM_Muriel_LOW_Page1_MASK.uasset" 418
"../../../../../../Uni/ASP/Projects/ASP_HideNSeek_AI_BP/Content/ParagonMuriel/Characters/Heroes/Muriel/Textures/T_Muriel_Upperbody_Decals.uasset" 419
"../../../../../../Uni/ASP/Projects/ASP_HideNSeek_AI_BP/Content/ParagonMuriel/Characters/Heroes/Muriel/Textures/T_Muriel_Upperbody_Mask01.uasset" 420
"../../../../../../Uni/ASP/Projects/ASP_HideNSeek_AI_BP/Content/ParagonMuriel/Characters/Heroes/Muriel/Textures/T_Muriel_Upperbody_Mask02.uasset" 421
"../../../../../../Uni/ASP/Projects/ASP_HideNSeek_AI_BP/Content/ParagonMuriel/Characters/Heroes/Muriel/Textures/T_Muriel_Upperbody_normals.uasset" 422
"../../../../../../Uni/ASP/Projects/ASP_HideNSeek_AI_BP/Content/ParagonMuriel/Characters/Heroes/Muriel/Materials/Parent/M_Muriel_Master.uasset" 423
"../../../../../../Uni/ASP/Projects/ASP_HideNSeek_AI_BP/Content/ParagonMuriel/Characters/Heroes/Muriel/Textures/T_Muriel_Armslegs_Mask02.uasset" 424
"../../../../../../Uni/ASP/Projects/ASP_HideNSeek_AI_BP/Content/ParagonMuriel/Characters/Heroes/Muriel/Textures/T_Muriel_ArmsLegs_Mask1B.uasset" 425
"../../../../../../Uni/ASP/Projects/ASP_HideNSeek_AI_BP/Content/ParagonMuriel/Characters/Heroes/Muriel/Textures/T_Muriel_ArmsLegs_normals.uasset" 426
"../../../../../../Uni/ASP/Projects/ASP_HideNSeek_AI_BP/Content/ParagonMuriel/Characters/Heroes/Muriel/Materials/MI_Muriel_ArmsLegs.uasset" 427
"../../../Engine/Content/Functions/Engine_MaterialFunctions01/ImageAdjustment/DeriveHDRfromLDR.uasset" 428
"../../../Engine/Content/Functions/Engine_MaterialFunctions01/Texturing/ScaleUVsByCenter.uasset" 429
"../../../Engine/Content/Functions/Engine_MaterialFunctions02/HueShift.uasset" 430
"../../../Engine/Content/Functions/Engine_MaterialFunctions02/TangentBasis.uasset" 431
"../../../Engine/Content/Functions/Engine_MaterialFunctions02/Utility/MakeFloat2.uasset" 432
"../../../Engine/Content/Functions/Engine_MaterialFunctions02/Utility/VectorLength.uasset" 433
"../../../../../../Uni/ASP/Projects/ASP_HideNSeek_AI_BP/Content/ParagonMuriel/Characters/Global/Eyes/Textures/T_EyeMidPlaneDisplacement_Example.uasset" 434
"../../../../../../Uni/ASP/Projects/ASP_HideNSeek_AI_BP/Content/ParagonMuriel/Characters/Global/Eyes/MaterialFunctions/ML_EyeRefraction.uasset" 435
"../../../../../../Uni/ASP/Projects/ASP_HideNSeek_AI_BP/Content/ParagonMuriel/Characters/Global/FX/Textures/Flares/T_Muriel_Corona_D.uasset" 436
"../../../../../../Uni/ASP/Projects/ASP_HideNSeek_AI_BP/Content/ParagonMuriel/Characters/Global/MaterialLayers/ML_TacticiaULTEye.uasset" 437
"../../../../../../Uni/ASP/Projects/ASP_HideNSeek_AI_BP/Content/ParagonMuriel/Characters/Global/Eyes/Textures/EpicQuadPanorama_CC.uasset" 438
"../../../../../../Uni/ASP/Projects/ASP_HideNSeek_AI_BP/Content/ParagonMuriel/Characters/Global/Eyes/Textures/EyeInner_Profile.uasset" 439
"../../../../../../Uni/ASP/Projects/ASP_HideNSeek_AI_BP/Content/ParagonMuriel/Characters/Global/Eyes/Textures/T_DecalMask_Radial03.uasset" 440
"../../../../../../Uni/ASP/Projects/ASP_HideNSeek_AI_BP/Content/ParagonMuriel/Characters/Global/Eyes/Textures/T_EYE_NORMALS.uasset" 441
"../../../../../../Uni/ASP/Projects/ASP_HideNSeek_AI_BP/Content/ParagonMuriel/Characters/Global/Eyes/Textures/T_Eye_Wet_Normal.uasset" 442
"../../../../../../Uni/ASP/Projects/ASP_HideNSeek_AI_BP/Content/ParagonMuriel/Characters/Global/Eyes/Textures/T_EyeIrisBaseColor_Example_2.uasset" 443
"../../../../../../Uni/ASP/Projects/ASP_HideNSeek_AI_BP/Content/ParagonMuriel/Characters/Global/Eyes/Textures/T_EyeScleraBaseColor_Example_2.uasset" 444
"../../../../../../Uni/ASP/Projects/ASP_HideNSeek_AI_BP/Content/ParagonMuriel/Characters/Global/Eyes/Textures/T_Sphere_EYE_NORMALS.uasset" 445
"../../../../../../Uni/ASP/Projects/ASP_HideNSeek_AI_BP/Content/ParagonMuriel/Characters/Global/Eyes/Textures/T_Swirly_Noise.uasset" 446
"../../../../../../Uni/ASP/Projects/ASP_HideNSeek_AI_BP/Content/ParagonMuriel/Characters/Global/Eyes/Materials/M_EyeRefractive.uasset" 447
"../../../../../../Uni/ASP/Projects/ASP_HideNSeek_AI_BP/Content/ParagonMuriel/Characters/Heroes/Muriel/Textures/T_Muriel_Eye_New_COLOR.uasset" 448
"../../../../../../Uni/ASP/Projects/ASP_HideNSeek_AI_BP/Content/ParagonMuriel/Characters/Heroes/Muriel/Textures/T_Muriel_Eye_Sclara_COLOR.uasset" 449
"../../../../../../Uni/ASP/Projects/ASP_HideNSeek_AI_BP/Content/ParagonMuriel/Characters/Heroes/Muriel/Materials/MI_Muriel_Eye_New.uasset" 450
"../../../Engine/Content/Functions/Engine_MaterialFunctions01/ImageAdjustment/BlurSampleOffsets.uasset" 451
"../../../Engine/Content/Functions/Engine_MaterialFunctions01/ImageAdjustment/SceneTextureAverage.uasset" 452
"../../../Engine/Content/Functions/Engine_MaterialFunctions02/Utility/CameraVectorWithWPOOptions.uasset" 453
"../../../../../../Uni/ASP/Projects/ASP_HideNSeek_AI_BP/Content/ParagonMuriel/Characters/Global/Eyes/Textures/T_EyeOcclusion2.uasset" 454
"../../../../../../Uni/ASP/Projects/ASP_HideNSeek_AI_BP/Content/ParagonMuriel/Characters/Global/Eyes/Materials/M_Eye_Occlusion.uasset" 455
"../../../../../../Uni/ASP/Projects/ASP_HideNSeek_AI_BP/Content/ParagonMuriel/Characters/Heroes/Muriel/Materials/MI_Muriel_Eye_Occ.uasset" 456
"../../../../../../Uni/ASP/Projects/ASP_HideNSeek_AI_BP/Content/ParagonMuriel/Characters/Global/Eyelash/T_Femme_Eyelashes_D.uasset" 457
"../../../../../../Uni/ASP/Projects/ASP_HideNSeek_AI_BP/Content/ParagonMuriel/Characters/Global/Eyelash/T_Femme_Eyelashes_N.uasset" 458
"../../../../../../Uni/ASP/Projects/ASP_HideNSeek_AI_BP/Content/ParagonMuriel/Characters/Global/Eyelash/M_EyelashMaster_N.uasset" 459
"../../../../../../Uni/ASP/Projects/ASP_HideNSeek_AI_BP/Content/ParagonMuriel/Characters/Heroes/Muriel/Materials/MI_Muriel_EyeLashes.uasset" 460
"../../../../../../Uni/ASP/Projects/ASP_HideNSeek_AI_BP/Content/ParagonMuriel/Characters/Global/MaterialFunctions/MF_Lerp_GammaColor.uasset" 461
"../../../../../../Uni/ASP/Projects/ASP_HideNSeek_AI_BP/Content/ParagonMuriel/Characters/Global/MaterialFunctions/MF_Mask_Harden.uasset" 462
"../../../../../../Uni/ASP/Projects/ASP_HideNSeek_AI_BP/Content/ParagonMuriel/Characters/Global/MaterialFunctions/MakeUp/MF_Lipstick_Advanced.uasset" 463
"../../../../../../Uni/ASP/Projects/ASP_HideNSeek_AI_BP/Content/ParagonMuriel/Characters/Global/MaterialFunctions/MakeUp/MF_Lipstick_Basic.uasset" 464
"../../../../../../Uni/ASP/Projects/ASP_HideNSeek_AI_BP/Content/ParagonMuriel/Characters/Global/MaterialFunctions/MF_Normalboost.uasset" 465
"../../../../../../Uni/ASP/Projects/ASP_HideNSeek_AI_BP/Content/ParagonMuriel/Characters/Global/MaterialLayers/Skin/T_Pore_Normals2.uasset" 466
"../../../../../../Uni/ASP/Projects/ASP_HideNSeek_AI_BP/Content/ParagonMuriel/Characters/Global/MaterialLayers/Skin/T_Pore_Specular.uasset" 467
"../../../../../../Uni/ASP/Projects/ASP_HideNSeek_AI_BP/Content/ParagonMuriel/Characters/Global/MaterialFunctions/MF_SkinPores.uasset" 468
"../../../../../../Uni/ASP/Projects/ASP_HideNSeek_AI_BP/Content/ParagonMuriel/Characters/Global/MaterialLayers/Synthetics/T_Metallic_Flakes_MASK.uasset" 469
"../../../../../../Uni/ASP/Projects/ASP_HideNSeek_AI_BP/Content/ParagonMuriel/Characters/Global/MaterialLayers/Synthetics/T_Metallic_Flakes_N.uasset" 470
"../../../../../../Uni/ASP/Projects/ASP_HideNSeek_AI_BP/Content/ParagonMuriel/Characters/Global/MaterialFunctions/Special/MF_MetallicFlakes.uasset" 471
"../../../../../../Uni/ASP/Projects/ASP_HideNSeek_AI_BP/Content/ParagonMuriel/Characters/Global/MaterialLayers/Skin/ML_Skin.uasset" 472
"../../../../../../Uni/ASP/Projects/ASP_HideNSeek_AI_BP/Content/ParagonMuriel/Characters/Heroes/Muriel/Materials/SSP_Muriel_Face.uasset" 473
"../../../../../../Uni/ASP/Projects/ASP_HideNSeek_AI_BP/Content/ParagonMuriel/Characters/Heroes/Muriel/Textures/T_Muriel_Head_COLOR.uasset" 474
"../../../../../../Uni/ASP/Projects/ASP_HideNSeek_AI_BP/Content/ParagonMuriel/Characters/Heroes/Muriel/Textures/T_Muriel_Head_MASK_1.uasset" 475
"../../../../../../Uni/ASP/Projects/ASP_HideNSeek_AI_BP/Content/ParagonMuriel/Characters/Heroes/Muriel/Textures/T_Muriel_Head_N.uasset" 476
"../../../../../../Uni/ASP/Projects/ASP_HideNSeek_AI_BP/Content/ParagonMuriel/Characters/Heroes/Muriel/Textures/T_Muriel_Head_RGBAO.uasset" 477
"../../../../../../Uni/ASP/Projects/ASP_HideNSeek_AI_BP/Content/ParagonMuriel/Characters/Heroes/Muriel/Materials/Parent/M_Muriel_Face.uasset" 478
"../../../../../../Uni/ASP/Projects/ASP_HideNSeek_AI_BP/Content/ParagonMuriel/Characters/Heroes/Muriel/Materials/MI_Muriel_Face.uasset" 479
"../../../../../../Uni/ASP/Projects/ASP_HideNSeek_AI_BP/Content/ParagonMuriel/Characters/Heroes/Muriel/Materials/MI_Muriel_Head_Helmet.uasset" 480
"../../../../../../Uni/ASP/Projects/ASP_HideNSeek_AI_BP/Content/ParagonMuriel/Characters/Global/Eyes/Materials/M_TearLine.uasset" 481
"../../../../../../Uni/ASP/Projects/ASP_HideNSeek_AI_BP/Content/ParagonMuriel/Characters/Heroes/Muriel/Materials/MI_Muriel_TearLine.uasset" 482
"../../../../../../Uni/ASP/Projects/ASP_HideNSeek_AI_BP/Content/ParagonMuriel/Characters/Heroes/Muriel/Materials/MI_Muriel_UpperBody_Head.uasset" 483
"../../../../../../Uni/ASP/Projects/ASP_HideNSeek_AI_BP/Content/ParagonMuriel/Characters/Heroes/Muriel/Textures/T_Muriel_Wing_normals.uasset" 484
"../../../../../../Uni/ASP/Projects/ASP_HideNSeek_AI_BP/Content/ParagonMuriel/Characters/Heroes/Muriel/Textures/T_Muriel_Wings_Decal.uasset" 485
"../../../../../../Uni/ASP/Projects/ASP_HideNSeek_AI_BP/Content/ParagonMuriel/Characters/Heroes/Muriel/Textures/T_Muriel_Wings_E.uasset" 486
"../../../../../../Uni/ASP/Projects/ASP_HideNSeek_AI_BP/Content/ParagonMuriel/Characters/Heroes/Muriel/Textures/T_Muriel_Wings_Mask01.uasset" 487
"../../../../../../Uni/ASP/Projects/ASP_HideNSeek_AI_BP/Content/ParagonMuriel/Characters/Heroes/Muriel/Textures/T_Muriel_Wings_Mask02.uasset" 488
"../../../../../../Uni/ASP/Projects/ASP_HideNSeek_AI_BP/Content/ParagonMuriel/Characters/Heroes/Muriel/Materials/MI_Muriel_Wings.uasset" 489
"../../../../../../Uni/ASP/Projects/ASP_HideNSeek_AI_BP/Content/ParagonMuriel/Characters/Heroes/Muriel/Meshes/Muriel_CylShadows.uasset" 490
"../../../../../../Uni/ASP/Projects/ASP_HideNSeek_AI_BP/Content/ParagonMuriel/Characters/Heroes/Muriel/Meshes/Muriel_Extents.uasset" 491
"../../../../../../Uni/ASP/Projects/ASP_HideNSeek_AI_BP/Content/ParagonMuriel/Characters/Heroes/Muriel/Meshes/Muriel_GDC.uasset" 492
"../../../../../../Uni/ASP/Projects/ASP_HideNSeek_AI_BP/Content/Blueprints/AICharacter.uasset" 493
"../../../../../../Uni/ASP/Projects/ASP_HideNSeek_AI_BP/Content/ParagonSevarog/Characters/Heroes/Sevarog/Animations/LevelStart.uasset" 494
"../../../../../../Uni/ASP/Projects/ASP_HideNSeek_AI_BP/Content/ParagonSevarog/Characters/Heroes/Sevarog/Animations/LevelStart_Montage.uasset" 495
"../../../../../../Uni/ASP/Projects/ASP_HideNSeek_AI_BP/Content/Blueprints/EQS_PawnLocations.uasset" 496
"../../../Engine/Content/EngineSky/C_Sky_Cloud_Color.uasset" 497
"../../../Engine/Content/EngineSky/C_Sky_Horizon_Color.uasset" 498
"../../../Engine/Content/EngineSky/C_Sky_Zenith_Color.uasset" 499
"../../../Engine/Content/EngineSky/T_Sky_Blue.uasset" 500
"../../../Engine/Content/EngineSky/T_Sky_Clouds_M.uasset" 501
"../../../Engine/Content/EngineSky/T_Sky_Stars.uasset" 502
"../../../Engine/Content/EngineSky/M_Sky_Panning_Clouds2.uasset" 503
"../../../Engine/Content/EngineSky/SM_SkySphere.uasset" 504
"../../../Engine/Content/EngineSky/BP_Sky_Sphere.uasset" 505
"../../../../../../Uni/ASP/Projects/ASP_HideNSeek_AI_BP/Content/Maps/Level01_BuiltData.uasset" 506
"../../../../../../Uni/ASP/Projects/ASP_HideNSeek_AI_BP/Content/Assets/InfinityBladeGrassLands/Environments/Misc/Exo_Deco01/Textures/T_Exo_Crate_Open_D.uasset" 507
"../../../../../../Uni/ASP/Projects/ASP_HideNSeek_AI_BP/Content/Assets/InfinityBladeGrassLands/Environments/Misc/Exo_Deco01/Textures/T_Exo_Crate_Open_N.uasset" 508
"../../../../../../Uni/ASP/Projects/ASP_HideNSeek_AI_BP/Content/Assets/InfinityBladeGrassLands/Environments/Misc/Exo_Deco01/Materials/M_Exo_Crate_Open.uasset" 509
"../../../../../../Uni/ASP/Projects/ASP_HideNSeek_AI_BP/Content/Assets/InfinityBladeGrassLands/Environments/Misc/Exo_Deco01/StaticMesh/SM_Exo_Crate_Open_Damaged.uasset" 510
"../../../../../../Uni/ASP/Projects/ASP_HideNSeek_AI_BP/Content/Assets/InfinityBladeGrassLands/Environments/Misc/Exo_Deco01/StaticMesh/SM_Exo_Crate_Open_Destroyed.uasset" 511
"../../../../../../Uni/ASP/Projects/ASP_HideNSeek_AI_BP/Content/Assets/InfinityBladeGrassLands/Environments/Misc/Exo_Deco01/Textures/T_Exo_Hay_D.uasset" 512
"../../../../../../Uni/ASP/Projects/ASP_HideNSeek_AI_BP/Content/Assets/InfinityBladeGrassLands/Environments/Misc/Exo_Deco01/Textures/T_Exo_Hay_M.uasset" 513
"../../../../../../Uni/ASP/Projects/ASP_HideNSeek_AI_BP/Content/Assets/InfinityBladeGrassLands/Environments/Misc/Exo_Deco01/Textures/T_Exo_Hay_N.uasset" 514
"../../../../../../Uni/ASP/Projects/ASP_HideNSeek_AI_BP/Content/Assets/InfinityBladeGrassLands/Environments/Misc/Exo_Deco01/Materials/M_Exo_Hay.uasset" 515
"../../../../../../Uni/ASP/Projects/ASP_HideNSeek_AI_BP/Content/Assets/InfinityBladeGrassLands/Environments/Misc/Exo_Deco01/StaticMesh/SM_Exo_Hay.uasset" 516
"../../../../../../Uni/ASP/Projects/ASP_HideNSeek_AI_BP/Content/Assets/InfinityBladeGrassLands/Environments/Plains/Env_Plains_Floors/Textures/T_Plains_Terrain_Floors01_D.uasset" 517
"../../../../../../Uni/ASP/Projects/ASP_HideNSeek_AI_BP/Content/Assets/InfinityBladeGrassLands/Environments/Plains/Env_Plains_Floors/Textures/T_Plains_Terrain_Floors01_N.uasset" 518
"../../../../../../Uni/ASP/Projects/ASP_HideNSeek_AI_BP/Content/Assets/InfinityBladeGrassLands/Environments/SurfaceTypes/PhysicalMaterial_Stone.uasset" 519
"../../../../../../Uni/ASP/Projects/ASP_HideNSeek_AI_BP/Content/Assets/InfinityBladeGrassLands/Environments/Plains/Env_Plains_Floors/Materials/M_Plains_Floors_Block.uasset" 520
"../../../../../../Uni/ASP/Projects/ASP_HideNSeek_AI_BP/Content/Assets/InfinityBladeGrassLands/Environments/Plains/Env_Plains_Floors/StaticMesh/SM_Plains_Floors_Block01.uasset" 521
"../../../../../../Uni/ASP/Projects/ASP_HideNSeek_AI_BP/Content/Assets/InfinityBladeGrassLands/Environments/Plains/Env_Plains_Floors/Textures/T_Plains_FloorsTrim_D.uasset" 522
"../../../../../../Uni/ASP/Projects/ASP_HideNSeek_AI_BP/Content/Assets/InfinityBladeGrassLands/Environments/Plains/Env_Plains_Floors/Textures/T_Plains_FloorsTrim_N.uasset" 523
"../../../../../../Uni/ASP/Projects/ASP_HideNSeek_AI_BP/Content/Assets/InfinityBladeGrassLands/Environments/Plains/Env_Plains_Floors/Materials/M_Plains_FloorTrims.uasset" 524
"../../../../../../Uni/ASP/Projects/ASP_HideNSeek_AI_BP/Content/Assets/InfinityBladeGrassLands/Environments/Plains/Env_Plains_Floors/StaticMesh/SM_Plains_Floors_Trim01.uasset" 525
"../../../../../../Uni/ASP/Projects/ASP_HideNSeek_AI_BP/Content/Assets/InfinityBladeGrassLands/Environments/Plains/Env_Plains_Floors/StaticMesh/SM_Plains_Floors_Trim02.uasset" 526
"../../../../../../Uni/ASP/Projects/ASP_HideNSeek_AI_BP/Content/Assets/InfinityBladeGrassLands/Environments/Plains/Env_Plains_Floors/StaticMesh/SM_Plains_Floors_Trim02_Rev.uasset" 527
"../../../../../../Uni/ASP/Projects/ASP_HideNSeek_AI_BP/Content/Assets/InfinityBladeGrassLands/Environments/Plains/Env_Plains_Floors/StaticMesh/SM_Plains_Floors_Trim03.uasset" 528
"../../../Engine/Content/Functions/Engine_MaterialFunctions01/WorldPositionOffset/SimpleGrassWind.uasset" 529
"../../../../../../Uni/ASP/Projects/ASP_HideNSeek_AI_BP/Content/Assets/InfinityBladeGrassLands/Environments/Plains/Env_Plains_Flora/Textures/T_Plains_Fern01_D.uasset" 530
"../../../../../../Uni/ASP/Projects/ASP_HideNSeek_AI_BP/Content/Assets/InfinityBladeGrassLands/Environments/Plains/Env_Plains_Flora/Textures/T_Plains_Fern01_N.uasset" 531
"../../../../../../Uni/ASP/Projects/ASP_HideNSeek_AI_BP/Content/Assets/InfinityBladeGrassLands/Environments/Plains/Env_Plains_Flora/Materials/M_PLains_Fern01.uasset" 532
"../../../../../../Uni/ASP/Projects/ASP_HideNSeek_AI_BP/Content/Assets/InfinityBladeGrassLands/Environments/Plains/Env_Plains_Flora/StaticMesh/SM_Plains_Grass01.uasset" 533
"../../../../../../Uni/ASP/Projects/ASP_HideNSeek_AI_BP/Content/Assets/InfinityBladeGrassLands/Environments/Plains/Env_Plains_Flora/StaticMesh/SM_Plains_Vine01.uasset" 534
"../../../../../../Uni/ASP/Projects/ASP_HideNSeek_AI_BP/Content/Assets/InfinityBladeGrassLands/Environments/Plains/Env_Plains_Statues/Textures/T_Plains_Angel_Statue_D.uasset" 535
"../../../../../../Uni/ASP/Projects/ASP_HideNSeek_AI_BP/Content/Assets/InfinityBladeGrassLands/Environments/Plains/Env_Plains_Statues/Textures/T_Plains_Angel_Statue_N.uasset" 536
"../../../../../../Uni/ASP/Projects/ASP_HideNSeek_AI_BP/Content/Assets/InfinityBladeGrassLands/Environments/Plains/Env_Plains_Statues/Materials/M_Plains_Angel_Statue.uasset" 537
"../../../../../../Uni/ASP/Projects/ASP_HideNSeek_AI_BP/Content/Assets/InfinityBladeGrassLands/Environments/Plains/Env_Plains_Statues/StaticMesh/SM_Plains_Angel_Statue_01.uasset" 538
"../../../../../../Uni/ASP/Projects/ASP_HideNSeek_AI_BP/Content/Assets/InfinityBladeGrassLands/Environments/Plains/Env_Plains_Statues/Textures/T_Plains_Ruins_DemonDoor_D.uasset" 539
"../../../../../../Uni/ASP/Projects/ASP_HideNSeek_AI_BP/Content/Assets/InfinityBladeGrassLands/Environments/Plains/Env_Plains_Statues/Textures/T_Plains_Ruins_DemonDoor_N.uasset" 540
"../../../../../../Uni/ASP/Projects/ASP_HideNSeek_AI_BP/Content/Assets/InfinityBladeGrassLands/Environments/Plains/Env_Plains_Statues/Materials/M_Plains_Castle_Demon.uasset" 541
"../../../../../../Uni/ASP/Projects/ASP_HideNSeek_AI_BP/Content/Assets/InfinityBladeGrassLands/Environments/Plains/Env_Plains_Statues/StaticMesh/SM_Plains_Castle_DemonDoor_01.uasset" 542
"../../../../../../Uni/ASP/Projects/ASP_HideNSeek_AI_BP/Content/Assets/InfinityBladeGrassLands/Environments/Plains/Env_Plains_Statues/Textures/T_Plains_Man_Statue_D.uasset" 543
"../../../../../../Uni/ASP/Projects/ASP_HideNSeek_AI_BP/Content/Assets/InfinityBladeGrassLands/Environments/Plains/Env_Plains_Statues/Textures/T_Plains_Man_Statue_N.uasset" 544
"../../../../../../Uni/ASP/Projects/ASP_HideNSeek_AI_BP/Content/Assets/InfinityBladeGrassLands/Environments/Plains/Env_Plains_Statues/Materials/M_Plains_Man_Statue.uasset" 545
"../../../../../../Uni/ASP/Projects/ASP_HideNSeek_AI_BP/Content/Assets/InfinityBladeGrassLands/Environments/Plains/Env_Plains_Statues/StaticMesh/SM_Plains_Man_Statue_01.uasset" 546
"../../../Engine/Content/Functions/Engine_MaterialFunctions01/Density/ExponentialDensity.uasset" 547
"../../../Engine/Content/Functions/Engine_MaterialFunctions01/Gradient/RadialGradientExponential.uasset" 548
"../../../../../../Uni/ASP/Projects/ASP_HideNSeek_AI_BP/Content/Assets/Materials/M_Raindrops.uasset" 549
"../../../Engine/Content/EngineMaterials/EmissiveTexturedMaterial.uasset" 550
"../../../Engine/Content/EngineMeshes/ParticleCube.uasset" 551
"../../../../../../Uni/ASP/Projects/ASP_HideNSeek_AI_BP/Content/Assets/Particles/PS_Rain.uasset" 552
"../../../../../../Uni/ASP/Projects/ASP_HideNSeek_AI_BP/Content/Blueprints/User_Interface/InGame_UI/HUD.uasset" 553
"../../../../../../Uni/ASP/Projects/ASP_HideNSeek_AI_BP/Content/Geometry/Meshes/CubeMaterial.uasset" 554
"../../../../../../Uni/ASP/Projects/ASP_HideNSeek_AI_BP/Content/Geometry/Meshes/1M_Cube.uasset" 555
"../../../../../../Uni/ASP/Projects/ASP_HideNSeek_AI_BP/Content/Geometry/Meshes/1M_Cube_Chamfer.uasset" 556
"../../../../../../Uni/ASP/Projects/ASP_HideNSeek_AI_BP/Content/ThirdPerson/Meshes/RampMaterial.uasset" 557
"../../../../../../Uni/ASP/Projects/ASP_HideNSeek_AI_BP/Content/ThirdPerson/Meshes/Bump_StaticMesh.uasset" 558
"../../../../../../Uni/ASP/Projects/ASP_HideNSeek_AI_BP/Content/ThirdPerson/Meshes/LeftArm_StaticMesh.uasset" 559
"../../../../../../Uni/ASP/Projects/ASP_HideNSeek_AI_BP/Content/ThirdPerson/Meshes/Linear_Stair_StaticMesh.uasset" 560
"../../../../../../Uni/ASP/Projects/ASP_HideNSeek_AI_BP/Content/ThirdPerson/Meshes/Ramp_StaticMesh.uasset" 561
"../../../../../../Uni/ASP/Projects/ASP_HideNSeek_AI_BP/Content/ThirdPerson/Meshes/RightArm_StaticMesh.uasset" 562
"../../../../../../Uni/ASP/Projects/ASP_HideNSeek_AI_BP/Content/Maps/Level01.umap" 563
"../../../../../../Uni/ASP/Projects/ASP_HideNSeek_AI_BP/Content/Maps/Level02_BuiltData.uasset" 564
"../../../../../../Uni/ASP/Projects/ASP_HideNSeek_AI_BP/Content/Assets/InfinityBladeGrassLands/Environments/Earth/Textures/T_Cherry_Tree_Flowers_D.uasset" 565
"../../../../../../Uni/ASP/Projects/ASP_HideNSeek_AI_BP/Content/Assets/InfinityBladeGrassLands/Environments/Earth/Textures/T_Cherry_Tree_Flowers_N.uasset" 566
"../../../../../../Uni/ASP/Projects/ASP_HideNSeek_AI_BP/Content/Assets/InfinityBladeGrassLands/Environments/Earth/Materials/M_Cherry_Tree.uasset" 567
"../../../../../../Uni/ASP/Projects/ASP_HideNSeek_AI_BP/Content/Assets/InfinityBladeGrassLands/Environments/Earth/Textures/T_TreeBase1_D.uasset" 568
"../../../../../../Uni/ASP/Projects/ASP_HideNSeek_AI_BP/Content/Assets/InfinityBladeGrassLands/Environments/Earth/Textures/T_TreeBase1_N.uasset" 569
"../../../../../../Uni/ASP/Projects/ASP_HideNSeek_AI_BP/Content/Assets/InfinityBladeGrassLands/Environments/Earth/Materials/M_TreeBark.uasset" 570
"../../../../../../Uni/ASP/Projects/ASP_HideNSeek_AI_BP/Content/Assets/InfinityBladeGrassLands/Environments/Earth/StaticMesh/SM_Cherry_Tree.uasset" 571
"../../../../../../Uni/ASP/Projects/ASP_HideNSeek_AI_BP/Content/Assets/InfinityBladeGrassLands/Environments/Plains/Env_Plains_Flora/Textures/T_Plains_Tree01_D.uasset" 572
"../../../../../../Uni/ASP/Projects/ASP_HideNSeek_AI_BP/Content/Assets/InfinityBladeGrassLands/Environments/Plains/Env_Plains_Flora/Textures/T_Plains_Tree01_N.uasset" 573
"../../../../../../Uni/ASP/Projects/ASP_HideNSeek_AI_BP/Content/Assets/InfinityBladeGrassLands/Environments/Plains/Env_Plains_Flora/Materials/M_Plains_Tree_Stump01.uasset" 574
"../../../../../../Uni/ASP/Projects/ASP_HideNSeek_AI_BP/Content/Assets/InfinityBladeGrassLands/Environments/Plains/Env_Plains_Flora/StaticMesh/SM_Plains_Tree01.uasset" 575
"../../../../../../Uni/ASP/Projects/ASP_HideNSeek_AI_BP/Content/Assets/InfinityBladeGrassLands/Environments/Plains/Env_Plains_Flora/StaticMesh/SM_Plains_Tree_Branch01.uasset" 576
"../../../../../../Uni/ASP/Projects/ASP_HideNSeek_AI_BP/Content/Assets/Materials/T_LeafDiffuse.uasset" 577
"../../../../../../Uni/ASP/Projects/ASP_HideNSeek_AI_BP/Content/Assets/Materials/T_LeafNormal.uasset" 578
"../../../../../../Uni/ASP/Projects/ASP_HideNSeek_AI_BP/Content/Assets/Materials/M_Leaf.uasset" 579
"../../../../../../Uni/ASP/Projects/ASP_HideNSeek_AI_BP/Content/Assets/Materials/SM_Leaf.uasset" 580
"../../../../../../Uni/ASP/Projects/ASP_HideNSeek_AI_BP/Content/Assets/Particles/PS_Leaves.uasset" 581
"../../../../../../Uni/ASP/Projects/ASP_HideNSeek_AI_BP/Content/Maps/Level02.umap" 582
"../../../../../../Uni/ASP/Projects/ASP_HideNSeek_AI_BP/Content/Maps/Level03_BuiltData.uasset" 583
"../../../../../../Uni/ASP/Projects/ASP_HideNSeek_AI_BP/Content/Maps/Level03.umap" 584
"../../../../../../Uni/ASP/Projects/ASP_HideNSeek_AI_BP/Content/Maps/Level04_BuiltData.uasset" 585
"../../../../../../Uni/ASP/Projects/ASP_HideNSeek_AI_BP/Content/Assets/InfinityBladeGrassLands/Environments/Earth/Textures/T_Plants_D.uasset" 586
"../../../../../../Uni/ASP/Projects/ASP_HideNSeek_AI_BP/Content/Assets/InfinityBladeGrassLands/Environments/Earth/Textures/T_Plants_N.uasset" 587
"../../../../../../Uni/ASP/Projects/ASP_HideNSeek_AI_BP/Content/Assets/InfinityBladeGrassLands/Environments/Earth/Materials/M_Exo_Generic_Plants.uasset" 588
"../../../../../../Uni/ASP/Projects/ASP_HideNSeek_AI_BP/Content/Assets/InfinityBladeGrassLands/Environments/Earth/StaticMesh/SM_SmallTree02.uasset" 589
"../../../../../../Uni/ASP/Projects/ASP_HideNSeek_AI_BP/Content/Assets/InfinityBladeGrassLands/Environments/Plains/Env_Plains_Flora/StaticMesh/SM_Plains_Tree_Branch02.uasset" 590
"../../../../../../Uni/ASP/Projects/ASP_HideNSeek_AI_BP/Content/Assets/InfinityBladeGrassLands/Environments/Plains/Env_Plains_Flora/StaticMesh/SM_Plains_Tree_Stump01.uasset" 591
"../../../../../../Uni/ASP/Projects/ASP_HideNSeek_AI_BP/Content/Maps/Level04.umap" 592
"../../../../../../Uni/ASP/Projects/ASP_HideNSeek_AI_BP/Content/Maps/Level05_BuiltData.uasset" 593
"../../../../../../Uni/ASP/Projects/ASP_HideNSeek_AI_BP/Content/Maps/Level05.umap" 594
"../../../../../../Uni/ASP/Projects/ASP_HideNSeek_AI_BP/Content/Maps/Level06_BuiltData.uasset" 595
"../../../../../../Uni/ASP/Projects/ASP_HideNSeek_AI_BP/Content/Maps/Level06.umap" 596
"../../../../../../Uni/ASP/Projects/ASP_HideNSeek_AI_BP/Content/Mannequin/Character/Mesh/UE4_Mannequin_Skeleton.uasset" 597
"../../../../../../Uni/ASP/Projects/ASP_HideNSeek_AI_BP/Content/Mannequin/Animations/ThirdPerson_Jump.uasset" 598
"../../../../../../Uni/ASP/Projects/ASP_HideNSeek_AI_BP/Content/Mannequin/Animations/ThirdPersonJump_Loop.uasset" 599
"../../../../../../Uni/ASP/Projects/ASP_HideNSeek_AI_BP/Content/Mannequin/Animations/ThirdPersonJump_Start.uasset" 600
"../../../../../../Uni/ASP/Projects/ASP_HideNSeek_AI_BP/Content/Mannequin/Animations/ThirdPersonIdle.uasset" 601
"../../../../../../Uni/ASP/Projects/ASP_HideNSeek_AI_BP/Content/Mannequin/Animations/ThirdPersonRun.uasset" 602
"../../../../../../Uni/ASP/Projects/ASP_HideNSeek_AI_BP/Content/Mannequin/Animations/ThirdPersonWalk.uasset" 603
"../../../../../../Uni/ASP/Projects/ASP_HideNSeek_AI_BP/Content/Mannequin/Animations/ThirdPerson_IdleRun_2D.uasset" 604
"../../../../../../Uni/ASP/Projects/ASP_HideNSeek_AI_BP/Content/Mannequin/Animations/ThirdPerson_AnimBP.uasset" 605
"../../../../../../Uni/ASP/Projects/ASP_HideNSeek_AI_BP/Content/ParagonMuriel/Characters/Heroes/Muriel/Animations/Emote_Master_ShowOffWings_T3.uasset" 606
"../../../../../../Uni/ASP/Projects/ASP_HideNSeek_AI_BP/Content/ParagonMuriel/Characters/Heroes/Muriel/Animations/Emote_Small_Clap_T1.uasset" 607
"../../../../../../Uni/ASP/Projects/ASP_HideNSeek_AI_BP/Content/ParagonMuriel/Characters/Heroes/Muriel/Animations/Emote_Taunt_Curtsy_T1.uasset" 608
"../../../../../../Uni/ASP/Projects/ASP_HideNSeek_AI_BP/Content/ParagonMuriel/Characters/Heroes/Muriel/Animations/Knock_Back_Bwd.uasset" 609
"../../../../../../Uni/ASP/Projects/ASP_HideNSeek_AI_BP/Content/ParagonMuriel/Characters/Heroes/Muriel/Animations/Ultimate_Flare.uasset" 610
"../../../../../../Uni/ASP/Projects/ASP_HideNSeek_AI_BP/Content/Maps/Level07_BuiltData.uasset" 611
"../../../../../../Uni/ASP/Projects/ASP_HideNSeek_AI_BP/Content/Assets/InfinityBladeGrassLands/Environments/Misc/Exo_Deco02/Textures/T_HardWood_Floor_D.uasset" 612
"../../../../../../Uni/ASP/Projects/ASP_HideNSeek_AI_BP/Content/Assets/InfinityBladeGrassLands/Environments/Misc/Exo_Deco02/Textures/T_HardWood_Floor_D_NRM.uasset" 613
"../../../../../../Uni/ASP/Projects/ASP_HideNSeek_AI_BP/Content/Assets/InfinityBladeGrassLands/Environments/Misc/Exo_Deco02/Materials/M_HardWood_Floor.uasset" 614
"../../../../../../Uni/ASP/Projects/ASP_HideNSeek_AI_BP/Content/Assets/InfinityBladeGrassLands/Environments/Plains/Env_Plains_Ruins/Textures/T_Plains_Ruins_FloorStones_D.uasset" 615
"../../../../../../Uni/ASP/Projects/ASP_HideNSeek_AI_BP/Content/Assets/InfinityBladeGrassLands/Environments/Plains/Env_Plains_Ruins/Textures/T_Plains_Ruins_FloorStones_N.uasset" 616
"../../../../../../Uni/ASP/Projects/ASP_HideNSeek_AI_BP/Content/Assets/InfinityBladeGrassLands/Environments/Plains/Env_Plains_Ruins/Materials/M_PLains_FloorStone.uasset" 617
"../../../../../../Uni/ASP/Projects/ASP_HideNSeek_AI_BP/Content/Assets/InfinityBladeGrassLands/Environments/Misc/Exo_Deco02/Textures/T_Villa_Pillar_1_D.uasset" 618
"../../../../../../Uni/ASP/Projects/ASP_HideNSeek_AI_BP/Content/Assets/InfinityBladeGrassLands/Environments/Misc/Exo_Deco02/Textures/T_Villa_Pillar_1_D_NRM.uasset" 619
"../../../../../../Uni/ASP/Projects/ASP_HideNSeek_AI_BP/Content/Assets/InfinityBladeGrassLands/Environments/Misc/Exo_Deco02/Materials/M_Villa_Pillar_1.uasset" 620
"../../../../../../Uni/ASP/Projects/ASP_HideNSeek_AI_BP/Content/Assets/InfinityBladeGrassLands/Environments/Misc/Exo_Deco02/StaticMesh/SM_Exo_Archway_1.uasset" 621
"../../../../../../Uni/ASP/Projects/ASP_HideNSeek_AI_BP/Content/Assets/InfinityBladeGrassLands/Environments/Misc/Exo_Deco02/Textures/T_Cobweb03_D.uasset" 622
"../../../../../../Uni/ASP/Projects/ASP_HideNSeek_AI_BP/Content/Assets/InfinityBladeGrassLands/Environments/Misc/Exo_Deco02/Materials/M_Exo_CobWeb01_NoMove.uasset" 623
"../../../../../../Uni/ASP/Projects/ASP_HideNSeek_AI_BP/Content/Assets/InfinityBladeGrassLands/Environments/Misc/Exo_Deco02/StaticMesh/SM_Exo_CobWeb04.uasset" 624
"../../../../../../Uni/ASP/Projects/ASP_HideNSeek_AI_BP/Content/Assets/InfinityBladeGrassLands/Environments/Misc/Exo_Deco02/Textures/T_Decos_Door_D.uasset" 625
"../../../../../../Uni/ASP/Projects/ASP_HideNSeek_AI_BP/Content/Assets/InfinityBladeGrassLands/Environments/Misc/Exo_Deco02/Textures/T_Decos_Door_M.uasset" 626
"../../../../../../Uni/ASP/Projects/ASP_HideNSeek_AI_BP/Content/Assets/InfinityBladeGrassLands/Environments/Misc/Exo_Deco02/Textures/T_Decos_Door_N.uasset" 627
"../../../../../../Uni/ASP/Projects/ASP_HideNSeek_AI_BP/Content/Assets/InfinityBladeGrassLands/Environments/Misc/Exo_Deco02/Materials/M_Decos_Door.uasset" 628
"../../../../../../Uni/ASP/Projects/ASP_HideNSeek_AI_BP/Content/Assets/InfinityBladeGrassLands/Environments/Misc/Exo_Deco02/StaticMesh/SM_Exo_Decos_Door01.uasset" 629
"../../../../../../Uni/ASP/Projects/ASP_HideNSeek_AI_BP/Content/Assets/InfinityBladeGrassLands/Environments/Misc/Exo_Deco02/Textures/T_Decos_Door_Frame_D.uasset" 630
"../../../../../../Uni/ASP/Projects/ASP_HideNSeek_AI_BP/Content/Assets/InfinityBladeGrassLands/Environments/Misc/Exo_Deco02/Textures/T_Decos_Door_Frame_D_NRM.uasset" 631
"../../../../../../Uni/ASP/Projects/ASP_HideNSeek_AI_BP/Content/Assets/InfinityBladeGrassLands/Environments/Misc/Exo_Deco02/Materials/M_Decos_Door_Frame.uasset" 632
"../../../../../../Uni/ASP/Projects/ASP_HideNSeek_AI_BP/Content/Assets/InfinityBladeGrassLands/Environments/Misc/Exo_Deco02/StaticMesh/SM_Exo_Decos_Door_Frame01.uasset" 633
"../../../../../../Uni/ASP/Projects/ASP_HideNSeek_AI_BP/Content/Assets/InfinityBladeGrassLands/Environments/Misc/Exo_Deco02/Textures/T_Decos_BSP_Stucco02_D.uasset" 634
"../../../../../../Uni/ASP/Projects/ASP_HideNSeek_AI_BP/Content/Assets/InfinityBladeGrassLands/Environments/Misc/Exo_Deco02/Textures/T_Decos_BSP_Stucco02_N.uasset" 635
"../../../../../../Uni/ASP/Projects/ASP_HideNSeek_AI_BP/Content/Assets/InfinityBladeGrassLands/Environments/Misc/Exo_Deco02/Materials/M_Decos_BSP_Stucco02.uasset" 636
"../../../../../../Uni/ASP/Projects/ASP_HideNSeek_AI_BP/Content/Assets/InfinityBladeGrassLands/Environments/Misc/Exo_Deco02/Textures/T_Decos_BSP_Stucco03_D.uasset" 637
"../../../../../../Uni/ASP/Projects/ASP_HideNSeek_AI_BP/Content/Assets/InfinityBladeGrassLands/Environments/Misc/Exo_Deco02/Materials/M_Decos_BSP_Stucco03.uasset" 638
"../../../../../../Uni/ASP/Projects/ASP_HideNSeek_AI_BP/Content/Assets/InfinityBladeGrassLands/Environments/Misc/Exo_Deco02/StaticMesh/SM_Exo_Decos_Set01_Cover01.uasset" 639
"../../../../../../Uni/ASP/Projects/ASP_HideNSeek_AI_BP/Content/Assets/InfinityBladeGrassLands/Environments/Misc/Exo_Deco02/Textures/T_Pew_D.uasset" 640
"../../../../../../Uni/ASP/Projects/ASP_HideNSeek_AI_BP/Content/Assets/InfinityBladeGrassLands/Environments/Misc/Exo_Deco02/Textures/T_Pew_N.uasset" 641
"../../../../../../Uni/ASP/Projects/ASP_HideNSeek_AI_BP/Content/Assets/InfinityBladeGrassLands/Environments/Misc/Exo_Deco02/Materials/M_Pew.uasset" 642
"../../../../../../Uni/ASP/Projects/ASP_HideNSeek_AI_BP/Content/Assets/InfinityBladeGrassLands/Environments/Misc/Exo_Deco02/StaticMesh/SM_Exo_Pew.uasset" 643
"../../../../../../Uni/ASP/Projects/ASP_HideNSeek_AI_BP/Content/Assets/InfinityBladeGrassLands/Environments/Misc/Exo_Deco02/Textures/T_Decos_Facade01_D.uasset" 644
"../../../../../../Uni/ASP/Projects/ASP_HideNSeek_AI_BP/Content/Assets/InfinityBladeGrassLands/Environments/Misc/Exo_Deco02/Textures/T_Decos_Facade01_D_NRM.uasset" 645
"../../../../../../Uni/ASP/Projects/ASP_HideNSeek_AI_BP/Content/Assets/InfinityBladeGrassLands/Environments/Misc/Exo_Deco02/Materials/M_Decos_Facade01.uasset" 646
"../../../../../../Uni/ASP/Projects/ASP_HideNSeek_AI_BP/Content/Assets/InfinityBladeGrassLands/Environments/Misc/Exo_Deco02/StaticMesh/SM_Exo_Stone01_Chained.uasset" 647
"../../../../../../Uni/ASP/Projects/ASP_HideNSeek_AI_BP/Content/Assets/InfinityBladeGrassLands/Environments/Misc/Exo_Deco02/StaticMesh/SM_Exo_Stone01_ChainOnly.uasset" 648
"../../../../../../Uni/ASP/Projects/ASP_HideNSeek_AI_BP/Content/Assets/InfinityBladeGrassLands/Environments/Plains/Env_Plains_Ruins/Textures/T_Plains_Ruins_Pillars_02_D.uasset" 649
"../../../../../../Uni/ASP/Projects/ASP_HideNSeek_AI_BP/Content/Assets/InfinityBladeGrassLands/Environments/Plains/Env_Plains_Ruins/Textures/T_Plains_Ruins_Pillars_02_N.uasset" 650
"../../../../../../Uni/ASP/Projects/ASP_HideNSeek_AI_BP/Content/Assets/InfinityBladeGrassLands/Environments/Plains/Env_Plains_Ruins/Materials/M_Plains_Pillars02.uasset" 651
"../../../../../../Uni/ASP/Projects/ASP_HideNSeek_AI_BP/Content/Assets/InfinityBladeGrassLands/Environments/Plains/Env_Plains_Ruins/Textures/T_Plains_ExtCastle_StoneWall_01_D.uasset" 652
"../../../../../../Uni/ASP/Projects/ASP_HideNSeek_AI_BP/Content/Assets/InfinityBladeGrassLands/Environments/Plains/Env_Plains_Ruins/Textures/T_Plains_ExtCastle_StoneWall_01_N.uasset" 653
"../../../../../../Uni/ASP/Projects/ASP_HideNSeek_AI_BP/Content/Assets/InfinityBladeGrassLands/Environments/Plains/Env_Plains_Ruins/Materials/M_Plains_StoneWall.uasset" 654
"../../../../../../Uni/ASP/Projects/ASP_HideNSeek_AI_BP/Content/Assets/InfinityBladeGrassLands/Environments/Plains/Env_Plains_Ruins/StaticMesh/SM_Plains_Castle_Bridge_Wall_01.uasset" 655
"../../../../../../Uni/ASP/Projects/ASP_HideNSeek_AI_BP/Content/Assets/InfinityBladeGrassLands/Environments/Plains/Env_Plains_Ruins/Textures/T_Plains_Ruins_Cage_D.uasset" 656
"../../../../../../Uni/ASP/Projects/ASP_HideNSeek_AI_BP/Content/Assets/InfinityBladeGrassLands/Environments/Plains/Env_Plains_Ruins/Textures/T_Plains_Ruins_Cage_N.uasset" 657
"../../../../../../Uni/ASP/Projects/ASP_HideNSeek_AI_BP/Content/Assets/InfinityBladeGrassLands/Environments/Plains/Env_Plains_Ruins/Materials/M_Plains_Cage.uasset" 658
"../../../../../../Uni/ASP/Projects/ASP_HideNSeek_AI_BP/Content/Assets/InfinityBladeGrassLands/Environments/Plains/Env_Plains_Ruins/StaticMesh/SM_Plains_Castle_Cage_01.uasset" 659
"../../../../../../Uni/ASP/Projects/ASP_HideNSeek_AI_BP/Content/Assets/InfinityBladeGrassLands/Environments/Plains/Env_Plains_Ruins/Textures/T_Plains_Ruins_Pillars_D.uasset" 660
"../../../../../../Uni/ASP/Projects/ASP_HideNSeek_AI_BP/Content/Assets/InfinityBladeGrassLands/Environments/Plains/Env_Plains_Ruins/Textures/T_Plains_Ruins_Pillars_M.uasset" 661
"../../../../../../Uni/ASP/Projects/ASP_HideNSeek_AI_BP/Content/Assets/InfinityBladeGrassLands/Environments/Plains/Env_Plains_Ruins/Textures/T_Plains_Ruins_Pillars_N.uasset" 662
"../../../../../../Uni/ASP/Projects/ASP_HideNSeek_AI_BP/Content/Assets/InfinityBladeGrassLands/Environments/Plains/Env_Plains_Ruins/Materials/M_Plains_Pillars.uasset" 663
"../../../../../../Uni/ASP/Projects/ASP_HideNSeek_AI_BP/Content/Assets/InfinityBladeGrassLands/Environments/Plains/Env_Plains_Ruins/StaticMesh/SM_Plains_CastleWall_Ruin_01.uasset" 664
"../../../../../../Uni/ASP/Projects/ASP_HideNSeek_AI_BP/Content/Assets/InfinityBladeGrassLands/Environments/Plains/Env_Plains_Ruins/StaticMesh/SM_Plains_CastleWall_Ruin_02.uasset" 665
"../../../../../../Uni/ASP/Projects/ASP_HideNSeek_AI_BP/Content/Assets/InfinityBladeGrassLands/Environments/Plains/Env_Plains_Ruins/StaticMesh/SM_Plains_CastleWall_Ruin_04.uasset" 666
"../../../../../../Uni/ASP/Projects/ASP_HideNSeek_AI_BP/Content/Assets/InfinityBladeGrassLands/Environments/Plains/Env_Plains_Ruins/StaticMesh/SM_Plains_CastleWall_Support_01.uasset" 667
"../../../../../../Uni/ASP/Projects/ASP_HideNSeek_AI_BP/Content/Assets/InfinityBladeGrassLands/Environments/Plains/Env_Plains_Ruins/StaticMesh/SM_Plains_CastleWall_Support_02.uasset" 668
"../../../../../../Uni/ASP/Projects/ASP_HideNSeek_AI_BP/Content/Assets/InfinityBladeGrassLands/Environments/Plains/Env_Plains_Ruins/StaticMesh/SM_Plains_Column_Large_Broken_02.uasset" 669
"../../../../../../Uni/ASP/Projects/ASP_HideNSeek_AI_BP/Content/Assets/InfinityBladeGrassLands/Environments/Plains/Env_Plains_Ruins/StaticMesh/SM_Plains_Column_Large_Broken_03.uasset" 670
"../../../../../../Uni/ASP/Projects/ASP_HideNSeek_AI_BP/Content/Assets/InfinityBladeGrassLands/Environments/Plains/Env_Plains_Ruins/StaticMesh/SM_Plains_Ruins_Brazier_01.uasset" 671
"../../../../../../Uni/ASP/Projects/ASP_HideNSeek_AI_BP/Content/Assets/InfinityBladeGrassLands/Environments/Plains/Env_Plains_Ruins/StaticMesh/SM_Plains_ShortWall_Straight_01.uasset" 672
"../../../../../../Uni/ASP/Projects/ASP_HideNSeek_AI_BP/Content/Assets/InfinityBladeGrassLands/Environments/Plains/Env_Plains_Ruins/StaticMesh/SM_Plains_Wall_Curved_01.uasset" 673
"../../../../../../Uni/ASP/Projects/ASP_HideNSeek_AI_BP/Content/Assets/InfinityBladeGrassLands/Environments/Plains/Env_Plains_Ruins/StaticMesh/SM_Plains_Wall_Straight_01.uasset" 674
"../../../../../../Uni/ASP/Projects/ASP_HideNSeek_AI_BP/Content/Assets/InfinityBladeGrassLands/Environments/Plains/Env_Plains_Statues/StaticMesh/SM_Plains_Castle_DemonDoor_Half.uasset" 675
"../../../../../../Uni/ASP/Projects/ASP_HideNSeek_AI_BP/Content/Assets/Particles/StarterContentFireParticle/T_Fire_SubUV.uasset" 676
"../../../../../../Uni/ASP/Projects/ASP_HideNSeek_AI_BP/Content/Assets/Particles/StarterContentFireParticle/T_Fire_Tiled_D.uasset" 677
"../../../../../../Uni/ASP/Projects/ASP_HideNSeek_AI_BP/Content/Assets/Particles/StarterContentFireParticle/M_Fire_SubUV.uasset" 678
"../../../../../../Uni/ASP/Projects/ASP_HideNSeek_AI_BP/Content/Assets/Particles/StarterContentFireParticle/T_Water_N.uasset" 679
"../../../../../../Uni/ASP/Projects/ASP_HideNSeek_AI_BP/Content/Assets/Particles/StarterContentFireParticle/M_Heat_Distortion.uasset" 680
"../../../Engine/Content/Functions/Engine_MaterialFunctions01/Gradient/RadialGradient.uasset" 681
"../../../../../../Uni/ASP/Projects/ASP_HideNSeek_AI_BP/Content/Assets/Particles/StarterContentFireParticle/M_Radial_Gradient.uasset" 682
"../../../../../../Uni/ASP/Projects/ASP_HideNSeek_AI_BP/Content/Assets/Particles/StarterContentFireParticle/T_Smoke_SubUV.uasset" 683
"../../../../../../Uni/ASP/Projects/ASP_HideNSeek_AI_BP/Content/Assets/Particles/StarterContentFireParticle/T_Smoke_Tiled_D.uasset" 684
"../../../../../../Uni/ASP/Projects/ASP_HideNSeek_AI_BP/Content/Assets/Particles/StarterContentFireParticle/M_smoke_subUV.uasset" 685
"../../../../../../Uni/ASP/Projects/ASP_HideNSeek_AI_BP/Content/Assets/Particles/StarterContentFireParticle/P_Fire.uasset" 686
"../../../../../../Uni/ASP/Projects/ASP_HideNSeek_AI_BP/Content/Blueprints/User_Interface/InGame_UI/OpenDoor.uasset" 687
"../../../Engine/Content/Functions/MaterialLayerFunctions/MatLayerBlend_OverrideOpacity.uasset" 688
"../../../../../../Uni/ASP/Projects/ASP_HideNSeek_AI_BP/Content/ParagonMuriel/Characters/Global/MaterialFunctions/MaterialLayerConstructors/MF_BaseColorTintAndContrast.uasset" 689
"../../../../../../Uni/ASP/Projects/ASP_HideNSeek_AI_BP/Content/ParagonMuriel/Characters/Global/MaterialFunctions/MaterialLayerConstructors/MF_RoughnessAdjustment.uasset" 690
"../../../../../../Uni/ASP/Projects/ASP_HideNSeek_AI_BP/Content/ParagonMuriel/Characters/Global/MaterialLayers/Metal/T_Blank_N.uasset" 691
"../../../../../../Uni/ASP/Projects/ASP_HideNSeek_AI_BP/Content/ParagonMuriel/Characters/Global/MaterialLayers/Metal/T_ML_Gold_Metal01.uasset" 692
"../../../../../../Uni/ASP/Projects/ASP_HideNSeek_AI_BP/Content/ParagonMuriel/Characters/Global/MaterialLayers/Metal/ML_Gold_Metal02.uasset" 693
"../../../../../../Uni/ASP/Projects/ASP_HideNSeek_AI_BP/Content/ParagonMuriel/Characters/Global/MaterialLayers/Metal/T_Muriel_Body_Color_Overlay.uasset" 694
"../../../../../../Uni/ASP/Projects/ASP_HideNSeek_AI_BP/Content/ParagonMuriel/Characters/Global/MaterialLayers/Metal/T_Primer_Black_Metal.uasset" 695
"../../../../../../Uni/ASP/Projects/ASP_HideNSeek_AI_BP/Content/ParagonMuriel/Characters/Global/MaterialLayers/Metal/ML_Primer_Black_Metal.uasset" 696
"../../../../../../Uni/ASP/Projects/ASP_HideNSeek_AI_BP/Content/ParagonMuriel/Characters/Global/MaterialLayers/Painted/T_RockFlakes.uasset" 697
"../../../../../../Uni/ASP/Projects/ASP_HideNSeek_AI_BP/Content/ParagonMuriel/Characters/Global/MaterialLayers/Painted/ML_AngelicClearCoat2.uasset" 698
"../../../../../../Uni/ASP/Projects/ASP_HideNSeek_AI_BP/Content/ParagonMuriel/Characters/Global/MaterialLayers/Painted/T_PaintScratches.uasset" 699
"../../../../../../Uni/ASP/Projects/ASP_HideNSeek_AI_BP/Content/ParagonMuriel/Characters/Global/MaterialLayers/Synthetics/T_Swirly_Noise_highContrast.uasset" 700
"../../../../../../Uni/ASP/Projects/ASP_HideNSeek_AI_BP/Content/ParagonMuriel/Characters/Global/MaterialLayers/Synthetics/ML_ColorableSemiGem.uasset" 701
"../../../../../../Uni/ASP/Projects/ASP_HideNSeek_AI_BP/Content/ParagonMuriel/Characters/Global/MaterialLayers/Synthetics/T_Rough_Plastic_N.uasset" 702
"../../../../../../Uni/ASP/Projects/ASP_HideNSeek_AI_BP/Content/ParagonMuriel/Characters/Global/MaterialLayers/Synthetics/T_Rough_Plastic_D.uasset" 703
"../../../../../../Uni/ASP/Projects/ASP_HideNSeek_AI_BP/Content/ParagonMuriel/Characters/Global/MaterialLayers/Synthetics/ML_Cream_Rough_Plastic.uasset" 704
"../../../../../../Uni/ASP/Projects/ASP_HideNSeek_AI_BP/Content/ParagonMuriel/Characters/Heroes/Muriel/Skins/Tier_1/Muriel_Amethyst/Materials/M_Muriel_Amethyst_Master.uasset" 705
"../../../../../../Uni/ASP/Projects/ASP_HideNSeek_AI_BP/Content/ParagonMuriel/Characters/Heroes/Muriel/Skins/Tier_1/Muriel_Amethyst/Textures/SM_Muriel_LOW_Page3_MASK.uasset" 706
"../../../../../../Uni/ASP/Projects/ASP_HideNSeek_AI_BP/Content/ParagonMuriel/Characters/Heroes/Muriel/Skins/Tier_1/Muriel_Amethyst/Materials/MI_Muriel_ArmsLegs.uasset" 707
"../../../../../../Uni/ASP/Projects/ASP_HideNSeek_AI_BP/Content/ParagonMuriel/Characters/Heroes/Muriel/Skins/Tier_1/Muriel_Amethyst/Materials/MI_Muriel_Eye_Amethyst.uasset" 708
"../../../../../../Uni/ASP/Projects/ASP_HideNSeek_AI_BP/Content/ParagonMuriel/Characters/Global/MaterialLayers/Synthetics/T_Metallic_Flakes_Heavy_MASK.uasset" 709
"../../../../../../Uni/ASP/Projects/ASP_HideNSeek_AI_BP/Content/ParagonMuriel/Characters/Global/MaterialLayers/Synthetics/T_Metallic_Flakes_Heavy_N.uasset" 710
"../../../../../../Uni/ASP/Projects/ASP_HideNSeek_AI_BP/Content/ParagonMuriel/Characters/Heroes/Muriel/Skins/Tier_1/Muriel_Amethyst/Materials/MI_Muriel_Face_Amethyst.uasset" 711
"../../../../../../Uni/ASP/Projects/ASP_HideNSeek_AI_BP/Content/ParagonMuriel/Characters/Heroes/Muriel/Textures/T_Muriel_Head_MASK_1_Skins.uasset" 712
"../../../../../../Uni/ASP/Projects/ASP_HideNSeek_AI_BP/Content/ParagonMuriel/Characters/Heroes/Muriel/Skins/Tier_1/Muriel_Amethyst/Materials/MI_Muriel_Helmet_Amethyst.uasset" 713
"../../../../../../Uni/ASP/Projects/ASP_HideNSeek_AI_BP/Content/ParagonMuriel/Characters/Heroes/Muriel/Skins/Tier_1/Muriel_Amethyst/Materials/MI_Muriel_UpperBody_Head.uasset" 714
"../../../../../../Uni/ASP/Projects/ASP_HideNSeek_AI_BP/Content/ParagonMuriel/Characters/Heroes/Muriel/Skins/Tier_1/Muriel_Amethyst/Textures/SM_Muriel_LOW_Page2_MASK.uasset" 715
"../../../../../../Uni/ASP/Projects/ASP_HideNSeek_AI_BP/Content/ParagonMuriel/Characters/Heroes/Muriel/Skins/Tier_1/Muriel_Amethyst/Materials/MI_Muriel_Wings.uasset" 716
"../../../../../../Uni/ASP/Projects/ASP_HideNSeek_AI_BP/Content/ParagonMuriel/Characters/Heroes/Muriel/Skins/Tier_1/Muriel_Amethyst/Meshes/MurielAmethyst.uasset" 717
"../../../../../../Uni/ASP/Projects/ASP_HideNSeek_AI_BP/Content/Maps/Level07.umap" 718
"../../../../../../Uni/ASP/Projects/ASP_HideNSeek_AI_BP/Content/Maps/Level08_BuiltData.uasset" 719
"../../../../../../Uni/ASP/Projects/ASP_HideNSeek_AI_BP/Content/Assets/InfinityBladeGrassLands/Environments/Misc/Exo_Deco02/StaticMesh/SM_Exo_Decos_Door04.uasset" 720
"../../../../../../Uni/ASP/Projects/ASP_HideNSeek_AI_BP/Content/Assets/InfinityBladeGrassLands/Environments/Plains/Env_Plains_Ruins/StaticMesh/SM_Plains_Castle_Circle_Railing_01.uasset" 721
"../../../../../../Uni/ASP/Projects/ASP_HideNSeek_AI_BP/Content/Assets/InfinityBladeGrassLands/Environments/Plains/Env_Plains_Ruins/StaticMesh/SM_Plains_Castle_Fountain_01.uasset" 722
"../../../../../../Uni/ASP/Projects/ASP_HideNSeek_AI_BP/Content/Assets/InfinityBladeGrassLands/Environments/Plains/Env_Plains_Ruins/StaticMesh/SM_Plains_Castle_Fountain_02.uasset" 723
"../../../../../../Uni/ASP/Projects/ASP_HideNSeek_AI_BP/Content/Maps/Level08.umap" 724
"../../../../../../Uni/ASP/Projects/ASP_HideNSeek_AI_BP/Content/Assets/Materials/M_VialBottle.uasset" 725
"../../../../../../Uni/ASP/Projects/ASP_HideNSeek_AI_BP/Content/Assets/Meshes/Vial_Box01.uasset" 726
"../../../../../../Uni/ASP/Projects/ASP_HideNSeek_AI_BP/Content/Assets/Materials/M_VialCap.uasset" 727
"../../../../../../Uni/ASP/Projects/ASP_HideNSeek_AI_BP/Content/Assets/Meshes/Vial_cap.uasset" 728
"../../../../../../Uni/ASP/Projects/ASP_HideNSeek_AI_BP/Content/Blueprints/User_Interface/InGame_UI/+15SecondsTimerAddOn.uasset" 729
"../../../../../../Uni/ASP/Projects/ASP_HideNSeek_AI_BP/Content/Blueprints/User_Interface/InGame_UI/Pickup.uasset" 730
"../../../../../../Uni/ASP/Projects/ASP_HideNSeek_AI_BP/Content/Blueprints/BP_Pickup.uasset" 731
"../../../../../../Uni/ASP/Projects/ASP_HideNSeek_AI_BP/Content/Maps/Level09_BuiltData.uasset" 732
"../../../../../../Uni/ASP/Projects/ASP_HideNSeek_AI_BP/Content/Assets/InfinityBladeGrassLands/Environments/Plains/Env_Plains_Floors/StaticMesh/SM_Plains_Floors_TrimBlock01.uasset" 733
"../../../../../../Uni/ASP/Projects/ASP_HideNSeek_AI_BP/Content/Assets/InfinityBladeGrassLands/Environments/Plains/Env_Plains_Floors/StaticMesh/SM_Plains_Floors_TrimFlat01.uasset" 734
"../../../../../../Uni/ASP/Projects/ASP_HideNSeek_AI_BP/Content/Assets/InfinityBladeGrassLands/Environments/Plains/Env_Plains_Ruins/StaticMesh/SM_Plains_CastleArch_Iron_Torch_01.uasset" 735
"../../../../../../Uni/ASP/Projects/ASP_HideNSeek_AI_BP/Content/Assets/InfinityBladeGrassLands/Environments/Plains/Env_Plains_Ruins/StaticMesh/SM_Plains_CastleDoorArch_01.uasset" 736
"../../../../../../Uni/ASP/Projects/ASP_HideNSeek_AI_BP/Content/Maps/Level09.umap" 737
"../../../../../../Uni/ASP/Projects/ASP_HideNSeek_AI_BP/Content/ParagonSevarog/Characters/Heroes/Sevarog/Animations/Sprint_Fwd.uasset" 738
"../../../../../../Uni/ASP/Projects/ASP_HideNSeek_AI_BP/Content/ParagonSevarog/Characters/Heroes/Sevarog/Animations/Ultimate_Targeting_Loop.uasset" 739
"../../../../../../Uni/ASP/Projects/ASP_HideNSeek_AI_BP/Content/Maps/Level10_BuiltData.uasset" 740
"../../../../../../Uni/ASP/Projects/ASP_HideNSeek_AI_BP/Content/Assets/Materials/M_WhiteStairs.uasset" 741
"../../../Engine/Content/BasicShapes/Cube.uasset" 742
"../../../../../../Uni/ASP/Projects/ASP_HideNSeek_AI_BP/Content/Blueprints/User_Interface/InGame_UI/BadTeleporterFlash.uasset" 743
"../../../../../../Uni/ASP/Projects/ASP_HideNSeek_AI_BP/Content/Blueprints/User_Interface/InGame_UI/GoodTeleporterFlash.uasset" 744
"../../../../../../Uni/ASP/Projects/ASP_HideNSeek_AI_BP/Content/Maps/Level10.umap" 745
"../../../../../../Uni/ASP/Projects/ASP_HideNSeek_AI_BP/Content/Maps/MainMenu_BuiltData.uasset" 746
"../../../../../../Uni/ASP/Projects/ASP_HideNSeek_AI_BP/Content/Maps/MainMenu.umap" 747
"../../../Engine/Content/Maps/Entry_BuiltData.uasset" 748
"../../../Engine/Content/Maps/Entry.umap" 749
